<?xml version="1.0" encoding="UTF-8"?>
<testsuites name="Data Driven TestSuite" time="86.758" tests="6" failures="4" errors="0">
   <testsuite name="Data Driven TestSuite" tests="6" failures="4" errors="0" time="86.758" skipped="0" timestamp="2021-06-15 21:05:02" hostname="srivatsa - 192.168.0.121" id="Test Suites/Cure Healthcare Service/Data Driven TestSuite">
      <properties>
         <property name="deviceName" value=""/>
         <property name="devicePlatform" value=""/>
         <property name="logFolder" value="/Users/srivatsa/Katalon Studio/DEMOABLE PROJECTs/WebUIApiInternalDemo/Reports/20210615_210457/Cure Healthcare Service/Data Driven TestSuite/20210615_210457"/>
         <property name="logFiles" value="/Users/srivatsa/Katalon Studio/DEMOABLE PROJECTs/WebUIApiInternalDemo/Reports/20210615_210457/Cure Healthcare Service/Data Driven TestSuite/20210615_210457/execution0.log"/>
         <property name="attachments" value="/Users/srivatsa/Katalon Studio/DEMOABLE PROJECTs/WebUIApiInternalDemo/Reports/20210615_210457/Cure Healthcare Service/Data Driven TestSuite/20210615_210457/1623812740034.png, /Users/srivatsa/Katalon Studio/DEMOABLE PROJECTs/WebUIApiInternalDemo/Reports/20210615_210457/Cure Healthcare Service/Data Driven TestSuite/20210615_210457/1623812740283.png, /Users/srivatsa/Katalon Studio/DEMOABLE PROJECTs/WebUIApiInternalDemo/Reports/20210615_210457/Cure Healthcare Service/Data Driven TestSuite/20210615_210457/1623812750583.png, /Users/srivatsa/Katalon Studio/DEMOABLE PROJECTs/WebUIApiInternalDemo/Reports/20210615_210457/Cure Healthcare Service/Data Driven TestSuite/20210615_210457/1623812750781.png, /Users/srivatsa/Katalon Studio/DEMOABLE PROJECTs/WebUIApiInternalDemo/Reports/20210615_210457/Cure Healthcare Service/Data Driven TestSuite/20210615_210457/1623812770647.png, /Users/srivatsa/Katalon Studio/DEMOABLE PROJECTs/WebUIApiInternalDemo/Reports/20210615_210457/Cure Healthcare Service/Data Driven TestSuite/20210615_210457/1623812770836.png, /Users/srivatsa/Katalon Studio/DEMOABLE PROJECTs/WebUIApiInternalDemo/Reports/20210615_210457/Cure Healthcare Service/Data Driven TestSuite/20210615_210457/1623812779294.png, /Users/srivatsa/Katalon Studio/DEMOABLE PROJECTs/WebUIApiInternalDemo/Reports/20210615_210457/Cure Healthcare Service/Data Driven TestSuite/20210615_210457/1623812779489.png"/>
         <property name="hostName" value="srivatsa - 192.168.0.121"/>
         <property name="os" value="Mac OS X 64bit"/>
         <property name="katalonVersion" value="8.0.5.208"/>
         <property name="dbServerInfo" value="PostgreSQL 13.3"/>
         <property name="browser" value="Chrome 91.0.4472.101"/>
         <property name="hostAddress" value="192.168.0.121"/>
         <property name="sessionId" value="b08345457ba3b33be18efd5e1e7fe020"/>
         <property name="seleniumVersion" value="3.141.59"/>
         <property name="proxyInformation" value="ProxyInformation { proxyOption=NO_PROXY, proxyServerType=HTTP, username=, password=********, proxyServerAddress=, proxyServerPort=0, executionList=&quot;&quot;, isApplyToDesiredCapabilities=true }"/>
         <property name="platform" value="Mac OS X"/>
      </properties>
      <testcase name="Test Cases/DataBase TestCases/Data Driven Test Case" time="29.56" classname="Test Cases/DataBase TestCases/Data Driven Test Case" status="FAILED">
         <failure type="FAILED" message="Test Cases/DataBase TestCases/Data Driven Test Case FAILED.
Reason:
com.kms.katalon.core.exception.StepFailedException: Verify element text of test object 'Object Repository/Web Object Repository/CURA Healthcare Service/Appointment Page/Make Appointment' FAILED.
	at com.kms.katalon.core.webui.keyword.internal.WebUIKeywordMain.stepFailed(WebUIKeywordMain.groovy:64)
	at com.kms.katalon.core.webui.keyword.internal.WebUIKeywordMain.runKeyword(WebUIKeywordMain.groovy:26)
	at com.kms.katalon.core.webui.keyword.builtin.VerifyElementTextKeyword.verifyElementText(VerifyElementTextKeyword.groovy:72)
	at com.kms.katalon.core.webui.keyword.builtin.VerifyElementTextKeyword.execute(VerifyElementTextKeyword.groovy:40)
	at com.kms.katalon.core.keyword.internal.KeywordExecutor.executeKeywordForPlatform(KeywordExecutor.groovy:73)
	at com.kms.katalon.core.webui.keyword.WebUiBuiltInKeywords.verifyElementText(WebUiBuiltInKeywords.groovy:4749)
	at com.kms.katalon.core.webui.keyword.WebUiBuiltInKeywords$verifyElementText$4.call(Unknown Source)
	at Data Driven Test Case.run(Data Driven Test Case:30)
	at com.kms.katalon.core.main.ScriptEngine.run(ScriptEngine.java:194)
	at com.kms.katalon.core.main.ScriptEngine.runScriptAsRawText(ScriptEngine.java:119)
	at com.kms.katalon.core.main.TestCaseExecutor.runScript(TestCaseExecutor.java:369)
	at com.kms.katalon.core.main.TestCaseExecutor.doExecute(TestCaseExecutor.java:360)
	at com.kms.katalon.core.main.TestCaseExecutor.processExecutionPhase(TestCaseExecutor.java:339)
	at com.kms.katalon.core.main.TestCaseExecutor.accessMainPhase(TestCaseExecutor.java:331)
	at com.kms.katalon.core.main.TestCaseExecutor.execute(TestCaseExecutor.java:248)
	at com.kms.katalon.core.main.TestSuiteExecutor.accessTestCaseMainPhase(TestSuiteExecutor.java:191)
	at com.kms.katalon.core.main.TestSuiteExecutor.accessTestSuiteMainPhase(TestSuiteExecutor.java:140)
	at com.kms.katalon.core.main.TestSuiteExecutor.execute(TestSuiteExecutor.java:89)
	at com.kms.katalon.core.main.TestCaseMain.startTestSuite(TestCaseMain.java:181)
	at com.kms.katalon.core.main.TestCaseMain$startTestSuite$0.call(Unknown Source)
	at TempTestSuite1623812697987.run(TempTestSuite1623812697987.groovy:39)
Caused by: com.kms.katalon.core.exception.StepFailedException: Actual text 'Login' and expected text 'Make Appointment' of test object 'Object Repository/Web Object Repository/CURA Healthcare Service/Appointment Page/Make Appointment' are NOT matched.
	at com.kms.katalon.core.webui.keyword.internal.WebUIKeywordMain.stepFailed(WebUIKeywordMain.groovy:64)
	at com.kms.katalon.core.webui.keyword.builtin.VerifyElementTextKeyword$_verifyElementText_closure1.doCall(VerifyElementTextKeyword.groovy:57)
	at com.kms.katalon.core.webui.keyword.builtin.VerifyElementTextKeyword$_verifyElementText_closure1.call(VerifyElementTextKeyword.groovy)
	at com.kms.katalon.core.webui.keyword.internal.WebUIKeywordMain.runKeyword(WebUIKeywordMain.groovy:20)
	... 19 more
"/>
         <system-out><![CDATA[2021-06-15 21:05:10 - [TEST_CASE][FAILED] - Test Cases/DataBase TestCases/Data Driven Test Case: Test Cases/DataBase TestCases/Data Driven Test Case FAILED.
Reason:
com.kms.katalon.core.exception.StepFailedException: Verify element text of test object 'Object Repository/Web Object Repository/CURA Healthcare Service/Appointment Page/Make Appointment' FAILED.
	at com.kms.katalon.core.webui.keyword.internal.WebUIKeywordMain.stepFailed(WebUIKeywordMain.groovy:64)
	at com.kms.katalon.core.webui.keyword.internal.WebUIKeywordMain.runKeyword(WebUIKeywordMain.groovy:26)
	at com.kms.katalon.core.webui.keyword.builtin.VerifyElementTextKeyword.verifyElementText(VerifyElementTextKeyword.groovy:72)
	at com.kms.katalon.core.webui.keyword.builtin.VerifyElementTextKeyword.execute(VerifyElementTextKeyword.groovy:40)
	at com.kms.katalon.core.keyword.internal.KeywordExecutor.executeKeywordForPlatform(KeywordExecutor.groovy:73)
	at com.kms.katalon.core.webui.keyword.WebUiBuiltInKeywords.verifyElementText(WebUiBuiltInKeywords.groovy:4749)
	at com.kms.katalon.core.webui.keyword.WebUiBuiltInKeywords$verifyElementText$4.call(Unknown Source)
	at Data Driven Test Case.run(Data Driven Test Case:30)
	at com.kms.katalon.core.main.ScriptEngine.run(ScriptEngine.java:194)
	at com.kms.katalon.core.main.ScriptEngine.runScriptAsRawText(ScriptEngine.java:119)
	at com.kms.katalon.core.main.TestCaseExecutor.runScript(TestCaseExecutor.java:369)
	at com.kms.katalon.core.main.TestCaseExecutor.doExecute(TestCaseExecutor.java:360)
	at com.kms.katalon.core.main.TestCaseExecutor.processExecutionPhase(TestCaseExecutor.java:339)
	at com.kms.katalon.core.main.TestCaseExecutor.accessMainPhase(TestCaseExecutor.java:331)
	at com.kms.katalon.core.main.TestCaseExecutor.execute(TestCaseExecutor.java:248)
	at com.kms.katalon.core.main.TestSuiteExecutor.accessTestCaseMainPhase(TestSuiteExecutor.java:191)
	at com.kms.katalon.core.main.TestSuiteExecutor.accessTestSuiteMainPhase(TestSuiteExecutor.java:140)
	at com.kms.katalon.core.main.TestSuiteExecutor.execute(TestSuiteExecutor.java:89)
	at com.kms.katalon.core.main.TestCaseMain.startTestSuite(TestCaseMain.java:181)
	at com.kms.katalon.core.main.TestCaseMain$startTestSuite$0.call(Unknown Source)
	at TempTestSuite1623812697987.run(TempTestSuite1623812697987.groovy:39)
Caused by: com.kms.katalon.core.exception.StepFailedException: Actual text 'Login' and expected text 'Make Appointment' of test object 'Object Repository/Web Object Repository/CURA Healthcare Service/Appointment Page/Make Appointment' are NOT matched.
	at com.kms.katalon.core.webui.keyword.internal.WebUIKeywordMain.stepFailed(WebUIKeywordMain.groovy:64)
	at com.kms.katalon.core.webui.keyword.builtin.VerifyElementTextKeyword$_verifyElementText_closure1.doCall(VerifyElementTextKeyword.groovy:57)
	at com.kms.katalon.core.webui.keyword.builtin.VerifyElementTextKeyword$_verifyElementText_closure1.call(VerifyElementTextKeyword.groovy)
	at com.kms.katalon.core.webui.keyword.internal.WebUIKeywordMain.runKeyword(WebUIKeywordMain.groovy:20)
	... 19 more


2021-06-15 21:05:10 - [TEST_STEP][PASSED] - Start listener action : sampleBeforeTestCase: null

2021-06-15 21:05:10 - [TEST_STEP][PASSED] - println(testCaseContext.getTestCaseId()): null

2021-06-15 21:05:10 - [TEST_STEP][PASSED] - println(testCaseContext.getTestCaseVariables()): null

2021-06-15 21:05:10 - [TEST_STEP][PASSED] - println("Test Case Status Before Run : " + TESTCASE_STATUS): null

2021-06-15 21:05:11 - [TEST_STEP][PASSED] - openBrowser(URL): Browser is opened with url: 'https://katalon-demo-cura.herokuapp.com'

2021-06-15 21:05:11 - [MESSAGE][WARNING] - A browser is already opened. Closing browser and opening a new one

2021-06-15 21:05:11 - [MESSAGE][INFO] - Starting 'Chrome' driver

2021-06-15 21:05:11 - [MESSAGE][INFO] - Action delay is set to 0 milliseconds

2021-06-15 21:05:35 - [MESSAGE][PASSED] - Browser is opened with url: 'https://katalon-demo-cura.herokuapp.com'

2021-06-15 21:05:35 - [TEST_STEP][PASSED] - click(findTestObject("Web Object Repository/CURA Healthcare Service/Home Page/Make Appointment")): Object: 'Object Repository/Web Object Repository/CURA Healthcare Service/Home Page/Make Appointment' is clicked on

2021-06-15 21:05:37 - [MESSAGE][PASSED] - Object: 'Object Repository/Web Object Repository/CURA Healthcare Service/Home Page/Make Appointment' is clicked on

2021-06-15 21:05:37 - [TEST_STEP][PASSED] - setText(findTestObject("Web Object Repository/CURA Healthcare Service/Login Page/input_Username"), username): Text 'ExcelUser1' is set on object 'Object Repository/Web Object Repository/CURA Healthcare Service/Login Page/input_Username'

2021-06-15 21:05:37 - [MESSAGE][PASSED] - Text 'ExcelUser1' is set on object 'Object Repository/Web Object Repository/CURA Healthcare Service/Login Page/input_Username'

2021-06-15 21:05:37 - [TEST_STEP][PASSED] - setText(findTestObject("Web Object Repository/CURA Healthcare Service/Login Page/input_Password"), password): Text 'ExcelPass1' is set on object 'Object Repository/Web Object Repository/CURA Healthcare Service/Login Page/input_Password'

2021-06-15 21:05:38 - [MESSAGE][PASSED] - Text 'ExcelPass1' is set on object 'Object Repository/Web Object Repository/CURA Healthcare Service/Login Page/input_Password'

2021-06-15 21:05:38 - [TEST_STEP][PASSED] - click(findTestObject("Web Object Repository/CURA Healthcare Service/Login Page/button_Login")): Object: 'Object Repository/Web Object Repository/CURA Healthcare Service/Login Page/button_Login' is clicked on

2021-06-15 21:05:39 - [MESSAGE][PASSED] - Object: 'Object Repository/Web Object Repository/CURA Healthcare Service/Login Page/button_Login' is clicked on

2021-06-15 21:05:39 - [TEST_STEP][FAILED] - verifyElementText(findTestObject("Web Object Repository/CURA Healthcare Service/Appointment Page/Make Appointment"), "Make Appointment"): Verify element text of test object 'Object Repository/Web Object Repository/CURA Healthcare Service/Appointment Page/Make Appointment' FAILED. (Root cause: com.kms.katalon.core.exception.StepFailedException: Verify element text of test object 'Object Repository/Web Object Repository/CURA Healthcare Service/Appointment Page/Make Appointment' FAILED.
	at com.kms.katalon.core.webui.keyword.internal.WebUIKeywordMain.stepFailed(WebUIKeywordMain.groovy:64)
	at com.kms.katalon.core.webui.keyword.internal.WebUIKeywordMain.runKeyword(WebUIKeywordMain.groovy:26)
	at com.kms.katalon.core.webui.keyword.builtin.VerifyElementTextKeyword.verifyElementText(VerifyElementTextKeyword.groovy:72)
	at com.kms.katalon.core.webui.keyword.builtin.VerifyElementTextKeyword.execute(VerifyElementTextKeyword.groovy:40)
	at com.kms.katalon.core.keyword.internal.KeywordExecutor.executeKeywordForPlatform(KeywordExecutor.groovy:73)
	at com.kms.katalon.core.webui.keyword.WebUiBuiltInKeywords.verifyElementText(WebUiBuiltInKeywords.groovy:4749)
	at com.kms.katalon.core.webui.keyword.WebUiBuiltInKeywords$verifyElementText$4.call(Unknown Source)
	at Data Driven Test Case.run(Data Driven Test Case:30)
	at com.kms.katalon.core.main.ScriptEngine.run(ScriptEngine.java:194)
	at com.kms.katalon.core.main.ScriptEngine.runScriptAsRawText(ScriptEngine.java:119)
	at com.kms.katalon.core.main.TestCaseExecutor.runScript(TestCaseExecutor.java:369)
	at com.kms.katalon.core.main.TestCaseExecutor.doExecute(TestCaseExecutor.java:360)
	at com.kms.katalon.core.main.TestCaseExecutor.processExecutionPhase(TestCaseExecutor.java:339)
	at com.kms.katalon.core.main.TestCaseExecutor.accessMainPhase(TestCaseExecutor.java:331)
	at com.kms.katalon.core.main.TestCaseExecutor.execute(TestCaseExecutor.java:248)
	at com.kms.katalon.core.main.TestSuiteExecutor.accessTestCaseMainPhase(TestSuiteExecutor.java:191)
	at com.kms.katalon.core.main.TestSuiteExecutor.accessTestSuiteMainPhase(TestSuiteExecutor.java:140)
	at com.kms.katalon.core.main.TestSuiteExecutor.execute(TestSuiteExecutor.java:89)
	at com.kms.katalon.core.main.TestCaseMain.startTestSuite(TestCaseMain.java:181)
	at com.kms.katalon.core.main.TestCaseMain$startTestSuite$0.call(Unknown Source)
	at TempTestSuite1623812697987.run(TempTestSuite1623812697987.groovy:39)
Caused by: com.kms.katalon.core.exception.StepFailedException: Actual text 'Login' and expected text 'Make Appointment' of test object 'Object Repository/Web Object Repository/CURA Healthcare Service/Appointment Page/Make Appointment' are NOT matched.
	at com.kms.katalon.core.webui.keyword.internal.WebUIKeywordMain.stepFailed(WebUIKeywordMain.groovy:64)
	at com.kms.katalon.core.webui.keyword.builtin.VerifyElementTextKeyword$_verifyElementText_closure1.doCall(VerifyElementTextKeyword.groovy:57)
	at com.kms.katalon.core.webui.keyword.builtin.VerifyElementTextKeyword$_verifyElementText_closure1.call(VerifyElementTextKeyword.groovy)
	at com.kms.katalon.core.webui.keyword.internal.WebUIKeywordMain.runKeyword(WebUIKeywordMain.groovy:20)
	... 19 more
)

2021-06-15 21:05:40 - [MESSAGE][FAILED] - Actual text 'Login' and expected text 'Make Appointment' of test object 'Object Repository/Web Object Repository/CURA Healthcare Service/Appointment Page/Make Appointment' are NOT matched. (Root cause: com.kms.katalon.core.exception.StepFailedException: Actual text 'Login' and expected text 'Make Appointment' of test object 'Object Repository/Web Object Repository/CURA Healthcare Service/Appointment Page/Make Appointment' are NOT matched.
	at com.kms.katalon.core.webui.keyword.internal.WebUIKeywordMain.stepFailed(WebUIKeywordMain.groovy:64)
	at com.kms.katalon.core.webui.keyword.builtin.VerifyElementTextKeyword$_verifyElementText_closure1.doCall(VerifyElementTextKeyword.groovy:57)
	at com.kms.katalon.core.webui.keyword.builtin.VerifyElementTextKeyword$_verifyElementText_closure1.call(VerifyElementTextKeyword.groovy)
	at com.kms.katalon.core.webui.keyword.internal.WebUIKeywordMain.runKeyword(WebUIKeywordMain.groovy:20)
	at com.kms.katalon.core.webui.keyword.builtin.VerifyElementTextKeyword.verifyElementText(VerifyElementTextKeyword.groovy:72)
	at com.kms.katalon.core.webui.keyword.builtin.VerifyElementTextKeyword.execute(VerifyElementTextKeyword.groovy:40)
	at com.kms.katalon.core.keyword.internal.KeywordExecutor.executeKeywordForPlatform(KeywordExecutor.groovy:73)
	at com.kms.katalon.core.webui.keyword.WebUiBuiltInKeywords.verifyElementText(WebUiBuiltInKeywords.groovy:4749)
	at com.kms.katalon.core.webui.keyword.WebUiBuiltInKeywords$verifyElementText$4.call(Unknown Source)
	at Data Driven Test Case.run(Data Driven Test Case:30)
	at com.kms.katalon.core.main.ScriptEngine.run(ScriptEngine.java:194)
	at com.kms.katalon.core.main.ScriptEngine.runScriptAsRawText(ScriptEngine.java:119)
	at com.kms.katalon.core.main.TestCaseExecutor.runScript(TestCaseExecutor.java:369)
	at com.kms.katalon.core.main.TestCaseExecutor.doExecute(TestCaseExecutor.java:360)
	at com.kms.katalon.core.main.TestCaseExecutor.processExecutionPhase(TestCaseExecutor.java:339)
	at com.kms.katalon.core.main.TestCaseExecutor.accessMainPhase(TestCaseExecutor.java:331)
	at com.kms.katalon.core.main.TestCaseExecutor.execute(TestCaseExecutor.java:248)
	at com.kms.katalon.core.main.TestSuiteExecutor.accessTestCaseMainPhase(TestSuiteExecutor.java:191)
	at com.kms.katalon.core.main.TestSuiteExecutor.accessTestSuiteMainPhase(TestSuiteExecutor.java:140)
	at com.kms.katalon.core.main.TestSuiteExecutor.execute(TestSuiteExecutor.java:89)
	at com.kms.katalon.core.main.TestCaseMain.startTestSuite(TestCaseMain.java:181)
	at com.kms.katalon.core.main.TestCaseMain$startTestSuite$0.call(Unknown Source)
	at TempTestSuite1623812697987.run(TempTestSuite1623812697987.groovy:39)
)
[[ATTACHMENT|/Users/srivatsa/Katalon Studio/DEMOABLE PROJECTs/WebUIApiInternalDemo/Reports/20210615_210457/Cure Healthcare Service/Data Driven TestSuite/20210615_210457/1623812740034.png]]

2021-06-15 21:05:40 - [MESSAGE][FAILED] - Verify element text of test object 'Object Repository/Web Object Repository/CURA Healthcare Service/Appointment Page/Make Appointment' FAILED. (Root cause: com.kms.katalon.core.exception.StepFailedException: Verify element text of test object 'Object Repository/Web Object Repository/CURA Healthcare Service/Appointment Page/Make Appointment' FAILED.
	at com.kms.katalon.core.webui.keyword.internal.WebUIKeywordMain.stepFailed(WebUIKeywordMain.groovy:64)
	at com.kms.katalon.core.webui.keyword.internal.WebUIKeywordMain.runKeyword(WebUIKeywordMain.groovy:26)
	at com.kms.katalon.core.webui.keyword.builtin.VerifyElementTextKeyword.verifyElementText(VerifyElementTextKeyword.groovy:72)
	at com.kms.katalon.core.webui.keyword.builtin.VerifyElementTextKeyword.execute(VerifyElementTextKeyword.groovy:40)
	at com.kms.katalon.core.keyword.internal.KeywordExecutor.executeKeywordForPlatform(KeywordExecutor.groovy:73)
	at com.kms.katalon.core.webui.keyword.WebUiBuiltInKeywords.verifyElementText(WebUiBuiltInKeywords.groovy:4749)
	at com.kms.katalon.core.webui.keyword.WebUiBuiltInKeywords$verifyElementText$4.call(Unknown Source)
	at Data Driven Test Case.run(Data Driven Test Case:30)
	at com.kms.katalon.core.main.ScriptEngine.run(ScriptEngine.java:194)
	at com.kms.katalon.core.main.ScriptEngine.runScriptAsRawText(ScriptEngine.java:119)
	at com.kms.katalon.core.main.TestCaseExecutor.runScript(TestCaseExecutor.java:369)
	at com.kms.katalon.core.main.TestCaseExecutor.doExecute(TestCaseExecutor.java:360)
	at com.kms.katalon.core.main.TestCaseExecutor.processExecutionPhase(TestCaseExecutor.java:339)
	at com.kms.katalon.core.main.TestCaseExecutor.accessMainPhase(TestCaseExecutor.java:331)
	at com.kms.katalon.core.main.TestCaseExecutor.execute(TestCaseExecutor.java:248)
	at com.kms.katalon.core.main.TestSuiteExecutor.accessTestCaseMainPhase(TestSuiteExecutor.java:191)
	at com.kms.katalon.core.main.TestSuiteExecutor.accessTestSuiteMainPhase(TestSuiteExecutor.java:140)
	at com.kms.katalon.core.main.TestSuiteExecutor.execute(TestSuiteExecutor.java:89)
	at com.kms.katalon.core.main.TestCaseMain.startTestSuite(TestCaseMain.java:181)
	at com.kms.katalon.core.main.TestCaseMain$startTestSuite$0.call(Unknown Source)
	at TempTestSuite1623812697987.run(TempTestSuite1623812697987.groovy:39)
Caused by: com.kms.katalon.core.exception.StepFailedException: Actual text 'Login' and expected text 'Make Appointment' of test object 'Object Repository/Web Object Repository/CURA Healthcare Service/Appointment Page/Make Appointment' are NOT matched.
	at com.kms.katalon.core.webui.keyword.internal.WebUIKeywordMain.stepFailed(WebUIKeywordMain.groovy:64)
	at com.kms.katalon.core.webui.keyword.builtin.VerifyElementTextKeyword$_verifyElementText_closure1.doCall(VerifyElementTextKeyword.groovy:57)
	at com.kms.katalon.core.webui.keyword.builtin.VerifyElementTextKeyword$_verifyElementText_closure1.call(VerifyElementTextKeyword.groovy)
	at com.kms.katalon.core.webui.keyword.internal.WebUIKeywordMain.runKeyword(WebUIKeywordMain.groovy:20)
	... 19 more
)
[[ATTACHMENT|/Users/srivatsa/Katalon Studio/DEMOABLE PROJECTs/WebUIApiInternalDemo/Reports/20210615_210457/Cure Healthcare Service/Data Driven TestSuite/20210615_210457/1623812740283.png]]

2021-06-15 21:05:40 - [TEST_STEP][PASSED] - Start listener action : sampleAfterTestCase: null

2021-06-15 21:05:40 - [TEST_STEP][PASSED] - println(testCaseContext.getTestCaseId()): null

2021-06-15 21:05:40 - [TEST_STEP][PASSED] - println("Test Case Status After Run :" + testCaseContext.getTestCaseStatus()): null

2021-06-15 21:05:40 - [TEST_STEP][PASSED] - if (testCaseStatus == "FAILED"): null

2021-06-15 21:05:40 - [TEST_STEP][PASSED] - TESTCASE_STATUS = false: null]]></system-out>
         <system-err><![CDATA[2021-06-15 21:05:10 - [TEST_CASE][FAILED] - Test Cases/DataBase TestCases/Data Driven Test Case: Test Cases/DataBase TestCases/Data Driven Test Case FAILED.
Reason:
com.kms.katalon.core.exception.StepFailedException: Verify element text of test object 'Object Repository/Web Object Repository/CURA Healthcare Service/Appointment Page/Make Appointment' FAILED.
	at com.kms.katalon.core.webui.keyword.internal.WebUIKeywordMain.stepFailed(WebUIKeywordMain.groovy:64)
	at com.kms.katalon.core.webui.keyword.internal.WebUIKeywordMain.runKeyword(WebUIKeywordMain.groovy:26)
	at com.kms.katalon.core.webui.keyword.builtin.VerifyElementTextKeyword.verifyElementText(VerifyElementTextKeyword.groovy:72)
	at com.kms.katalon.core.webui.keyword.builtin.VerifyElementTextKeyword.execute(VerifyElementTextKeyword.groovy:40)
	at com.kms.katalon.core.keyword.internal.KeywordExecutor.executeKeywordForPlatform(KeywordExecutor.groovy:73)
	at com.kms.katalon.core.webui.keyword.WebUiBuiltInKeywords.verifyElementText(WebUiBuiltInKeywords.groovy:4749)
	at com.kms.katalon.core.webui.keyword.WebUiBuiltInKeywords$verifyElementText$4.call(Unknown Source)
	at Data Driven Test Case.run(Data Driven Test Case:30)
	at com.kms.katalon.core.main.ScriptEngine.run(ScriptEngine.java:194)
	at com.kms.katalon.core.main.ScriptEngine.runScriptAsRawText(ScriptEngine.java:119)
	at com.kms.katalon.core.main.TestCaseExecutor.runScript(TestCaseExecutor.java:369)
	at com.kms.katalon.core.main.TestCaseExecutor.doExecute(TestCaseExecutor.java:360)
	at com.kms.katalon.core.main.TestCaseExecutor.processExecutionPhase(TestCaseExecutor.java:339)
	at com.kms.katalon.core.main.TestCaseExecutor.accessMainPhase(TestCaseExecutor.java:331)
	at com.kms.katalon.core.main.TestCaseExecutor.execute(TestCaseExecutor.java:248)
	at com.kms.katalon.core.main.TestSuiteExecutor.accessTestCaseMainPhase(TestSuiteExecutor.java:191)
	at com.kms.katalon.core.main.TestSuiteExecutor.accessTestSuiteMainPhase(TestSuiteExecutor.java:140)
	at com.kms.katalon.core.main.TestSuiteExecutor.execute(TestSuiteExecutor.java:89)
	at com.kms.katalon.core.main.TestCaseMain.startTestSuite(TestCaseMain.java:181)
	at com.kms.katalon.core.main.TestCaseMain$startTestSuite$0.call(Unknown Source)
	at TempTestSuite1623812697987.run(TempTestSuite1623812697987.groovy:39)
Caused by: com.kms.katalon.core.exception.StepFailedException: Actual text 'Login' and expected text 'Make Appointment' of test object 'Object Repository/Web Object Repository/CURA Healthcare Service/Appointment Page/Make Appointment' are NOT matched.
	at com.kms.katalon.core.webui.keyword.internal.WebUIKeywordMain.stepFailed(WebUIKeywordMain.groovy:64)
	at com.kms.katalon.core.webui.keyword.builtin.VerifyElementTextKeyword$_verifyElementText_closure1.doCall(VerifyElementTextKeyword.groovy:57)
	at com.kms.katalon.core.webui.keyword.builtin.VerifyElementTextKeyword$_verifyElementText_closure1.call(VerifyElementTextKeyword.groovy)
	at com.kms.katalon.core.webui.keyword.internal.WebUIKeywordMain.runKeyword(WebUIKeywordMain.groovy:20)
	... 19 more]]></system-err>
      </testcase>
      <testcase name="Test Cases/DataBase TestCases/Data Driven Test Case" time="10.437" classname="Test Cases/DataBase TestCases/Data Driven Test Case" status="FAILED">
         <failure type="FAILED" message="Test Cases/DataBase TestCases/Data Driven Test Case FAILED.
Reason:
com.kms.katalon.core.exception.StepFailedException: Verify element text of test object 'Object Repository/Web Object Repository/CURA Healthcare Service/Appointment Page/Make Appointment' FAILED.
	at com.kms.katalon.core.webui.keyword.internal.WebUIKeywordMain.stepFailed(WebUIKeywordMain.groovy:64)
	at com.kms.katalon.core.webui.keyword.internal.WebUIKeywordMain.runKeyword(WebUIKeywordMain.groovy:26)
	at com.kms.katalon.core.webui.keyword.builtin.VerifyElementTextKeyword.verifyElementText(VerifyElementTextKeyword.groovy:72)
	at com.kms.katalon.core.webui.keyword.builtin.VerifyElementTextKeyword.execute(VerifyElementTextKeyword.groovy:40)
	at com.kms.katalon.core.keyword.internal.KeywordExecutor.executeKeywordForPlatform(KeywordExecutor.groovy:73)
	at com.kms.katalon.core.webui.keyword.WebUiBuiltInKeywords.verifyElementText(WebUiBuiltInKeywords.groovy:4749)
	at com.kms.katalon.core.webui.keyword.WebUiBuiltInKeywords$verifyElementText$4.call(Unknown Source)
	at Data Driven Test Case.run(Data Driven Test Case:30)
	at com.kms.katalon.core.main.ScriptEngine.run(ScriptEngine.java:194)
	at com.kms.katalon.core.main.ScriptEngine.runScriptAsRawText(ScriptEngine.java:119)
	at com.kms.katalon.core.main.TestCaseExecutor.runScript(TestCaseExecutor.java:369)
	at com.kms.katalon.core.main.TestCaseExecutor.doExecute(TestCaseExecutor.java:360)
	at com.kms.katalon.core.main.TestCaseExecutor.processExecutionPhase(TestCaseExecutor.java:339)
	at com.kms.katalon.core.main.TestCaseExecutor.accessMainPhase(TestCaseExecutor.java:331)
	at com.kms.katalon.core.main.TestCaseExecutor.execute(TestCaseExecutor.java:248)
	at com.kms.katalon.core.main.TestSuiteExecutor.accessTestCaseMainPhase(TestSuiteExecutor.java:191)
	at com.kms.katalon.core.main.TestSuiteExecutor.accessTestSuiteMainPhase(TestSuiteExecutor.java:140)
	at com.kms.katalon.core.main.TestSuiteExecutor.execute(TestSuiteExecutor.java:89)
	at com.kms.katalon.core.main.TestCaseMain.startTestSuite(TestCaseMain.java:181)
	at com.kms.katalon.core.main.TestCaseMain$startTestSuite$0.call(Unknown Source)
	at TempTestSuite1623812697987.run(TempTestSuite1623812697987.groovy:39)
Caused by: com.kms.katalon.core.exception.StepFailedException: Actual text 'Login' and expected text 'Make Appointment' of test object 'Object Repository/Web Object Repository/CURA Healthcare Service/Appointment Page/Make Appointment' are NOT matched.
	at com.kms.katalon.core.webui.keyword.internal.WebUIKeywordMain.stepFailed(WebUIKeywordMain.groovy:64)
	at com.kms.katalon.core.webui.keyword.builtin.VerifyElementTextKeyword$_verifyElementText_closure1.doCall(VerifyElementTextKeyword.groovy:57)
	at com.kms.katalon.core.webui.keyword.builtin.VerifyElementTextKeyword$_verifyElementText_closure1.call(VerifyElementTextKeyword.groovy)
	at com.kms.katalon.core.webui.keyword.internal.WebUIKeywordMain.runKeyword(WebUIKeywordMain.groovy:20)
	... 19 more
"/>
         <system-out><![CDATA[2021-06-15 21:05:40 - [TEST_CASE][FAILED] - Test Cases/DataBase TestCases/Data Driven Test Case: Test Cases/DataBase TestCases/Data Driven Test Case FAILED.
Reason:
com.kms.katalon.core.exception.StepFailedException: Verify element text of test object 'Object Repository/Web Object Repository/CURA Healthcare Service/Appointment Page/Make Appointment' FAILED.
	at com.kms.katalon.core.webui.keyword.internal.WebUIKeywordMain.stepFailed(WebUIKeywordMain.groovy:64)
	at com.kms.katalon.core.webui.keyword.internal.WebUIKeywordMain.runKeyword(WebUIKeywordMain.groovy:26)
	at com.kms.katalon.core.webui.keyword.builtin.VerifyElementTextKeyword.verifyElementText(VerifyElementTextKeyword.groovy:72)
	at com.kms.katalon.core.webui.keyword.builtin.VerifyElementTextKeyword.execute(VerifyElementTextKeyword.groovy:40)
	at com.kms.katalon.core.keyword.internal.KeywordExecutor.executeKeywordForPlatform(KeywordExecutor.groovy:73)
	at com.kms.katalon.core.webui.keyword.WebUiBuiltInKeywords.verifyElementText(WebUiBuiltInKeywords.groovy:4749)
	at com.kms.katalon.core.webui.keyword.WebUiBuiltInKeywords$verifyElementText$4.call(Unknown Source)
	at Data Driven Test Case.run(Data Driven Test Case:30)
	at com.kms.katalon.core.main.ScriptEngine.run(ScriptEngine.java:194)
	at com.kms.katalon.core.main.ScriptEngine.runScriptAsRawText(ScriptEngine.java:119)
	at com.kms.katalon.core.main.TestCaseExecutor.runScript(TestCaseExecutor.java:369)
	at com.kms.katalon.core.main.TestCaseExecutor.doExecute(TestCaseExecutor.java:360)
	at com.kms.katalon.core.main.TestCaseExecutor.processExecutionPhase(TestCaseExecutor.java:339)
	at com.kms.katalon.core.main.TestCaseExecutor.accessMainPhase(TestCaseExecutor.java:331)
	at com.kms.katalon.core.main.TestCaseExecutor.execute(TestCaseExecutor.java:248)
	at com.kms.katalon.core.main.TestSuiteExecutor.accessTestCaseMainPhase(TestSuiteExecutor.java:191)
	at com.kms.katalon.core.main.TestSuiteExecutor.accessTestSuiteMainPhase(TestSuiteExecutor.java:140)
	at com.kms.katalon.core.main.TestSuiteExecutor.execute(TestSuiteExecutor.java:89)
	at com.kms.katalon.core.main.TestCaseMain.startTestSuite(TestCaseMain.java:181)
	at com.kms.katalon.core.main.TestCaseMain$startTestSuite$0.call(Unknown Source)
	at TempTestSuite1623812697987.run(TempTestSuite1623812697987.groovy:39)
Caused by: com.kms.katalon.core.exception.StepFailedException: Actual text 'Login' and expected text 'Make Appointment' of test object 'Object Repository/Web Object Repository/CURA Healthcare Service/Appointment Page/Make Appointment' are NOT matched.
	at com.kms.katalon.core.webui.keyword.internal.WebUIKeywordMain.stepFailed(WebUIKeywordMain.groovy:64)
	at com.kms.katalon.core.webui.keyword.builtin.VerifyElementTextKeyword$_verifyElementText_closure1.doCall(VerifyElementTextKeyword.groovy:57)
	at com.kms.katalon.core.webui.keyword.builtin.VerifyElementTextKeyword$_verifyElementText_closure1.call(VerifyElementTextKeyword.groovy)
	at com.kms.katalon.core.webui.keyword.internal.WebUIKeywordMain.runKeyword(WebUIKeywordMain.groovy:20)
	... 19 more


2021-06-15 21:05:40 - [TEST_STEP][PASSED] - Start listener action : sampleBeforeTestCase: null

2021-06-15 21:05:40 - [TEST_STEP][PASSED] - println(testCaseContext.getTestCaseId()): null

2021-06-15 21:05:40 - [TEST_STEP][PASSED] - println(testCaseContext.getTestCaseVariables()): null

2021-06-15 21:05:40 - [TEST_STEP][PASSED] - println("Test Case Status Before Run : " + TESTCASE_STATUS): null

2021-06-15 21:05:40 - [TEST_STEP][PASSED] - openBrowser(URL): Browser is opened with url: 'https://katalon-demo-cura.herokuapp.com'

2021-06-15 21:05:40 - [MESSAGE][WARNING] - A browser is already opened. Closing browser and opening a new one

2021-06-15 21:05:40 - [MESSAGE][INFO] - Starting 'Chrome' driver

2021-06-15 21:05:40 - [MESSAGE][INFO] - Action delay is set to 0 milliseconds

2021-06-15 21:05:46 - [MESSAGE][PASSED] - Browser is opened with url: 'https://katalon-demo-cura.herokuapp.com'

2021-06-15 21:05:46 - [TEST_STEP][PASSED] - click(findTestObject("Web Object Repository/CURA Healthcare Service/Home Page/Make Appointment")): Object: 'Object Repository/Web Object Repository/CURA Healthcare Service/Home Page/Make Appointment' is clicked on

2021-06-15 21:05:47 - [MESSAGE][PASSED] - Object: 'Object Repository/Web Object Repository/CURA Healthcare Service/Home Page/Make Appointment' is clicked on

2021-06-15 21:05:47 - [TEST_STEP][PASSED] - setText(findTestObject("Web Object Repository/CURA Healthcare Service/Login Page/input_Username"), username): Text 'ExcelUser2' is set on object 'Object Repository/Web Object Repository/CURA Healthcare Service/Login Page/input_Username'

2021-06-15 21:05:48 - [MESSAGE][PASSED] - Text 'ExcelUser2' is set on object 'Object Repository/Web Object Repository/CURA Healthcare Service/Login Page/input_Username'

2021-06-15 21:05:48 - [TEST_STEP][PASSED] - setText(findTestObject("Web Object Repository/CURA Healthcare Service/Login Page/input_Password"), password): Text 'ExcelPass2' is set on object 'Object Repository/Web Object Repository/CURA Healthcare Service/Login Page/input_Password'

2021-06-15 21:05:49 - [MESSAGE][PASSED] - Text 'ExcelPass2' is set on object 'Object Repository/Web Object Repository/CURA Healthcare Service/Login Page/input_Password'

2021-06-15 21:05:49 - [TEST_STEP][PASSED] - click(findTestObject("Web Object Repository/CURA Healthcare Service/Login Page/button_Login")): Object: 'Object Repository/Web Object Repository/CURA Healthcare Service/Login Page/button_Login' is clicked on

2021-06-15 21:05:50 - [MESSAGE][PASSED] - Object: 'Object Repository/Web Object Repository/CURA Healthcare Service/Login Page/button_Login' is clicked on

2021-06-15 21:05:50 - [TEST_STEP][FAILED] - verifyElementText(findTestObject("Web Object Repository/CURA Healthcare Service/Appointment Page/Make Appointment"), "Make Appointment"): Verify element text of test object 'Object Repository/Web Object Repository/CURA Healthcare Service/Appointment Page/Make Appointment' FAILED. (Root cause: com.kms.katalon.core.exception.StepFailedException: Verify element text of test object 'Object Repository/Web Object Repository/CURA Healthcare Service/Appointment Page/Make Appointment' FAILED.
	at com.kms.katalon.core.webui.keyword.internal.WebUIKeywordMain.stepFailed(WebUIKeywordMain.groovy:64)
	at com.kms.katalon.core.webui.keyword.internal.WebUIKeywordMain.runKeyword(WebUIKeywordMain.groovy:26)
	at com.kms.katalon.core.webui.keyword.builtin.VerifyElementTextKeyword.verifyElementText(VerifyElementTextKeyword.groovy:72)
	at com.kms.katalon.core.webui.keyword.builtin.VerifyElementTextKeyword.execute(VerifyElementTextKeyword.groovy:40)
	at com.kms.katalon.core.keyword.internal.KeywordExecutor.executeKeywordForPlatform(KeywordExecutor.groovy:73)
	at com.kms.katalon.core.webui.keyword.WebUiBuiltInKeywords.verifyElementText(WebUiBuiltInKeywords.groovy:4749)
	at com.kms.katalon.core.webui.keyword.WebUiBuiltInKeywords$verifyElementText$4.call(Unknown Source)
	at Data Driven Test Case.run(Data Driven Test Case:30)
	at com.kms.katalon.core.main.ScriptEngine.run(ScriptEngine.java:194)
	at com.kms.katalon.core.main.ScriptEngine.runScriptAsRawText(ScriptEngine.java:119)
	at com.kms.katalon.core.main.TestCaseExecutor.runScript(TestCaseExecutor.java:369)
	at com.kms.katalon.core.main.TestCaseExecutor.doExecute(TestCaseExecutor.java:360)
	at com.kms.katalon.core.main.TestCaseExecutor.processExecutionPhase(TestCaseExecutor.java:339)
	at com.kms.katalon.core.main.TestCaseExecutor.accessMainPhase(TestCaseExecutor.java:331)
	at com.kms.katalon.core.main.TestCaseExecutor.execute(TestCaseExecutor.java:248)
	at com.kms.katalon.core.main.TestSuiteExecutor.accessTestCaseMainPhase(TestSuiteExecutor.java:191)
	at com.kms.katalon.core.main.TestSuiteExecutor.accessTestSuiteMainPhase(TestSuiteExecutor.java:140)
	at com.kms.katalon.core.main.TestSuiteExecutor.execute(TestSuiteExecutor.java:89)
	at com.kms.katalon.core.main.TestCaseMain.startTestSuite(TestCaseMain.java:181)
	at com.kms.katalon.core.main.TestCaseMain$startTestSuite$0.call(Unknown Source)
	at TempTestSuite1623812697987.run(TempTestSuite1623812697987.groovy:39)
Caused by: com.kms.katalon.core.exception.StepFailedException: Actual text 'Login' and expected text 'Make Appointment' of test object 'Object Repository/Web Object Repository/CURA Healthcare Service/Appointment Page/Make Appointment' are NOT matched.
	at com.kms.katalon.core.webui.keyword.internal.WebUIKeywordMain.stepFailed(WebUIKeywordMain.groovy:64)
	at com.kms.katalon.core.webui.keyword.builtin.VerifyElementTextKeyword$_verifyElementText_closure1.doCall(VerifyElementTextKeyword.groovy:57)
	at com.kms.katalon.core.webui.keyword.builtin.VerifyElementTextKeyword$_verifyElementText_closure1.call(VerifyElementTextKeyword.groovy)
	at com.kms.katalon.core.webui.keyword.internal.WebUIKeywordMain.runKeyword(WebUIKeywordMain.groovy:20)
	... 19 more
)

2021-06-15 21:05:50 - [MESSAGE][FAILED] - Actual text 'Login' and expected text 'Make Appointment' of test object 'Object Repository/Web Object Repository/CURA Healthcare Service/Appointment Page/Make Appointment' are NOT matched. (Root cause: com.kms.katalon.core.exception.StepFailedException: Actual text 'Login' and expected text 'Make Appointment' of test object 'Object Repository/Web Object Repository/CURA Healthcare Service/Appointment Page/Make Appointment' are NOT matched.
	at com.kms.katalon.core.webui.keyword.internal.WebUIKeywordMain.stepFailed(WebUIKeywordMain.groovy:64)
	at com.kms.katalon.core.webui.keyword.builtin.VerifyElementTextKeyword$_verifyElementText_closure1.doCall(VerifyElementTextKeyword.groovy:57)
	at com.kms.katalon.core.webui.keyword.builtin.VerifyElementTextKeyword$_verifyElementText_closure1.call(VerifyElementTextKeyword.groovy)
	at com.kms.katalon.core.webui.keyword.internal.WebUIKeywordMain.runKeyword(WebUIKeywordMain.groovy:20)
	at com.kms.katalon.core.webui.keyword.builtin.VerifyElementTextKeyword.verifyElementText(VerifyElementTextKeyword.groovy:72)
	at com.kms.katalon.core.webui.keyword.builtin.VerifyElementTextKeyword.execute(VerifyElementTextKeyword.groovy:40)
	at com.kms.katalon.core.keyword.internal.KeywordExecutor.executeKeywordForPlatform(KeywordExecutor.groovy:73)
	at com.kms.katalon.core.webui.keyword.WebUiBuiltInKeywords.verifyElementText(WebUiBuiltInKeywords.groovy:4749)
	at com.kms.katalon.core.webui.keyword.WebUiBuiltInKeywords$verifyElementText$4.call(Unknown Source)
	at Data Driven Test Case.run(Data Driven Test Case:30)
	at com.kms.katalon.core.main.ScriptEngine.run(ScriptEngine.java:194)
	at com.kms.katalon.core.main.ScriptEngine.runScriptAsRawText(ScriptEngine.java:119)
	at com.kms.katalon.core.main.TestCaseExecutor.runScript(TestCaseExecutor.java:369)
	at com.kms.katalon.core.main.TestCaseExecutor.doExecute(TestCaseExecutor.java:360)
	at com.kms.katalon.core.main.TestCaseExecutor.processExecutionPhase(TestCaseExecutor.java:339)
	at com.kms.katalon.core.main.TestCaseExecutor.accessMainPhase(TestCaseExecutor.java:331)
	at com.kms.katalon.core.main.TestCaseExecutor.execute(TestCaseExecutor.java:248)
	at com.kms.katalon.core.main.TestSuiteExecutor.accessTestCaseMainPhase(TestSuiteExecutor.java:191)
	at com.kms.katalon.core.main.TestSuiteExecutor.accessTestSuiteMainPhase(TestSuiteExecutor.java:140)
	at com.kms.katalon.core.main.TestSuiteExecutor.execute(TestSuiteExecutor.java:89)
	at com.kms.katalon.core.main.TestCaseMain.startTestSuite(TestCaseMain.java:181)
	at com.kms.katalon.core.main.TestCaseMain$startTestSuite$0.call(Unknown Source)
	at TempTestSuite1623812697987.run(TempTestSuite1623812697987.groovy:39)
)
[[ATTACHMENT|/Users/srivatsa/Katalon Studio/DEMOABLE PROJECTs/WebUIApiInternalDemo/Reports/20210615_210457/Cure Healthcare Service/Data Driven TestSuite/20210615_210457/1623812750583.png]]

2021-06-15 21:05:50 - [MESSAGE][FAILED] - Verify element text of test object 'Object Repository/Web Object Repository/CURA Healthcare Service/Appointment Page/Make Appointment' FAILED. (Root cause: com.kms.katalon.core.exception.StepFailedException: Verify element text of test object 'Object Repository/Web Object Repository/CURA Healthcare Service/Appointment Page/Make Appointment' FAILED.
	at com.kms.katalon.core.webui.keyword.internal.WebUIKeywordMain.stepFailed(WebUIKeywordMain.groovy:64)
	at com.kms.katalon.core.webui.keyword.internal.WebUIKeywordMain.runKeyword(WebUIKeywordMain.groovy:26)
	at com.kms.katalon.core.webui.keyword.builtin.VerifyElementTextKeyword.verifyElementText(VerifyElementTextKeyword.groovy:72)
	at com.kms.katalon.core.webui.keyword.builtin.VerifyElementTextKeyword.execute(VerifyElementTextKeyword.groovy:40)
	at com.kms.katalon.core.keyword.internal.KeywordExecutor.executeKeywordForPlatform(KeywordExecutor.groovy:73)
	at com.kms.katalon.core.webui.keyword.WebUiBuiltInKeywords.verifyElementText(WebUiBuiltInKeywords.groovy:4749)
	at com.kms.katalon.core.webui.keyword.WebUiBuiltInKeywords$verifyElementText$4.call(Unknown Source)
	at Data Driven Test Case.run(Data Driven Test Case:30)
	at com.kms.katalon.core.main.ScriptEngine.run(ScriptEngine.java:194)
	at com.kms.katalon.core.main.ScriptEngine.runScriptAsRawText(ScriptEngine.java:119)
	at com.kms.katalon.core.main.TestCaseExecutor.runScript(TestCaseExecutor.java:369)
	at com.kms.katalon.core.main.TestCaseExecutor.doExecute(TestCaseExecutor.java:360)
	at com.kms.katalon.core.main.TestCaseExecutor.processExecutionPhase(TestCaseExecutor.java:339)
	at com.kms.katalon.core.main.TestCaseExecutor.accessMainPhase(TestCaseExecutor.java:331)
	at com.kms.katalon.core.main.TestCaseExecutor.execute(TestCaseExecutor.java:248)
	at com.kms.katalon.core.main.TestSuiteExecutor.accessTestCaseMainPhase(TestSuiteExecutor.java:191)
	at com.kms.katalon.core.main.TestSuiteExecutor.accessTestSuiteMainPhase(TestSuiteExecutor.java:140)
	at com.kms.katalon.core.main.TestSuiteExecutor.execute(TestSuiteExecutor.java:89)
	at com.kms.katalon.core.main.TestCaseMain.startTestSuite(TestCaseMain.java:181)
	at com.kms.katalon.core.main.TestCaseMain$startTestSuite$0.call(Unknown Source)
	at TempTestSuite1623812697987.run(TempTestSuite1623812697987.groovy:39)
Caused by: com.kms.katalon.core.exception.StepFailedException: Actual text 'Login' and expected text 'Make Appointment' of test object 'Object Repository/Web Object Repository/CURA Healthcare Service/Appointment Page/Make Appointment' are NOT matched.
	at com.kms.katalon.core.webui.keyword.internal.WebUIKeywordMain.stepFailed(WebUIKeywordMain.groovy:64)
	at com.kms.katalon.core.webui.keyword.builtin.VerifyElementTextKeyword$_verifyElementText_closure1.doCall(VerifyElementTextKeyword.groovy:57)
	at com.kms.katalon.core.webui.keyword.builtin.VerifyElementTextKeyword$_verifyElementText_closure1.call(VerifyElementTextKeyword.groovy)
	at com.kms.katalon.core.webui.keyword.internal.WebUIKeywordMain.runKeyword(WebUIKeywordMain.groovy:20)
	... 19 more
)
[[ATTACHMENT|/Users/srivatsa/Katalon Studio/DEMOABLE PROJECTs/WebUIApiInternalDemo/Reports/20210615_210457/Cure Healthcare Service/Data Driven TestSuite/20210615_210457/1623812750781.png]]

2021-06-15 21:05:50 - [TEST_STEP][PASSED] - Start listener action : sampleAfterTestCase: null

2021-06-15 21:05:50 - [TEST_STEP][PASSED] - println(testCaseContext.getTestCaseId()): null

2021-06-15 21:05:50 - [TEST_STEP][PASSED] - println("Test Case Status After Run :" + testCaseContext.getTestCaseStatus()): null

2021-06-15 21:05:50 - [TEST_STEP][PASSED] - if (testCaseStatus == "FAILED"): null

2021-06-15 21:05:50 - [TEST_STEP][PASSED] - TESTCASE_STATUS = false: null]]></system-out>
         <system-err><![CDATA[2021-06-15 21:05:40 - [TEST_CASE][FAILED] - Test Cases/DataBase TestCases/Data Driven Test Case: Test Cases/DataBase TestCases/Data Driven Test Case FAILED.
Reason:
com.kms.katalon.core.exception.StepFailedException: Verify element text of test object 'Object Repository/Web Object Repository/CURA Healthcare Service/Appointment Page/Make Appointment' FAILED.
	at com.kms.katalon.core.webui.keyword.internal.WebUIKeywordMain.stepFailed(WebUIKeywordMain.groovy:64)
	at com.kms.katalon.core.webui.keyword.internal.WebUIKeywordMain.runKeyword(WebUIKeywordMain.groovy:26)
	at com.kms.katalon.core.webui.keyword.builtin.VerifyElementTextKeyword.verifyElementText(VerifyElementTextKeyword.groovy:72)
	at com.kms.katalon.core.webui.keyword.builtin.VerifyElementTextKeyword.execute(VerifyElementTextKeyword.groovy:40)
	at com.kms.katalon.core.keyword.internal.KeywordExecutor.executeKeywordForPlatform(KeywordExecutor.groovy:73)
	at com.kms.katalon.core.webui.keyword.WebUiBuiltInKeywords.verifyElementText(WebUiBuiltInKeywords.groovy:4749)
	at com.kms.katalon.core.webui.keyword.WebUiBuiltInKeywords$verifyElementText$4.call(Unknown Source)
	at Data Driven Test Case.run(Data Driven Test Case:30)
	at com.kms.katalon.core.main.ScriptEngine.run(ScriptEngine.java:194)
	at com.kms.katalon.core.main.ScriptEngine.runScriptAsRawText(ScriptEngine.java:119)
	at com.kms.katalon.core.main.TestCaseExecutor.runScript(TestCaseExecutor.java:369)
	at com.kms.katalon.core.main.TestCaseExecutor.doExecute(TestCaseExecutor.java:360)
	at com.kms.katalon.core.main.TestCaseExecutor.processExecutionPhase(TestCaseExecutor.java:339)
	at com.kms.katalon.core.main.TestCaseExecutor.accessMainPhase(TestCaseExecutor.java:331)
	at com.kms.katalon.core.main.TestCaseExecutor.execute(TestCaseExecutor.java:248)
	at com.kms.katalon.core.main.TestSuiteExecutor.accessTestCaseMainPhase(TestSuiteExecutor.java:191)
	at com.kms.katalon.core.main.TestSuiteExecutor.accessTestSuiteMainPhase(TestSuiteExecutor.java:140)
	at com.kms.katalon.core.main.TestSuiteExecutor.execute(TestSuiteExecutor.java:89)
	at com.kms.katalon.core.main.TestCaseMain.startTestSuite(TestCaseMain.java:181)
	at com.kms.katalon.core.main.TestCaseMain$startTestSuite$0.call(Unknown Source)
	at TempTestSuite1623812697987.run(TempTestSuite1623812697987.groovy:39)
Caused by: com.kms.katalon.core.exception.StepFailedException: Actual text 'Login' and expected text 'Make Appointment' of test object 'Object Repository/Web Object Repository/CURA Healthcare Service/Appointment Page/Make Appointment' are NOT matched.
	at com.kms.katalon.core.webui.keyword.internal.WebUIKeywordMain.stepFailed(WebUIKeywordMain.groovy:64)
	at com.kms.katalon.core.webui.keyword.builtin.VerifyElementTextKeyword$_verifyElementText_closure1.doCall(VerifyElementTextKeyword.groovy:57)
	at com.kms.katalon.core.webui.keyword.builtin.VerifyElementTextKeyword$_verifyElementText_closure1.call(VerifyElementTextKeyword.groovy)
	at com.kms.katalon.core.webui.keyword.internal.WebUIKeywordMain.runKeyword(WebUIKeywordMain.groovy:20)
	... 19 more]]></system-err>
      </testcase>
      <testcase name="Test Cases/DataBase TestCases/Data Driven Test Case" time="10.007" classname="Test Cases/DataBase TestCases/Data Driven Test Case" status="PASSED">
         <system-out><![CDATA[2021-06-15 21:05:50 - [TEST_CASE][PASSED] - Test Cases/DataBase TestCases/Data Driven Test Case: Test Cases/DataBase TestCases/Data Driven Test Case

2021-06-15 21:05:50 - [TEST_STEP][PASSED] - Start listener action : sampleBeforeTestCase: null

2021-06-15 21:05:50 - [TEST_STEP][PASSED] - println(testCaseContext.getTestCaseId()): null

2021-06-15 21:05:50 - [TEST_STEP][PASSED] - println(testCaseContext.getTestCaseVariables()): null

2021-06-15 21:05:50 - [TEST_STEP][PASSED] - println("Test Case Status Before Run : " + TESTCASE_STATUS): null

2021-06-15 21:05:50 - [TEST_STEP][PASSED] - openBrowser(URL): Browser is opened with url: 'https://katalon-demo-cura.herokuapp.com'

2021-06-15 21:05:51 - [MESSAGE][WARNING] - A browser is already opened. Closing browser and opening a new one

2021-06-15 21:05:51 - [MESSAGE][INFO] - Starting 'Chrome' driver

2021-06-15 21:05:51 - [MESSAGE][INFO] - Action delay is set to 0 milliseconds

2021-06-15 21:05:56 - [MESSAGE][PASSED] - Browser is opened with url: 'https://katalon-demo-cura.herokuapp.com'

2021-06-15 21:05:56 - [TEST_STEP][PASSED] - click(findTestObject("Web Object Repository/CURA Healthcare Service/Home Page/Make Appointment")): Object: 'Object Repository/Web Object Repository/CURA Healthcare Service/Home Page/Make Appointment' is clicked on

2021-06-15 21:05:57 - [MESSAGE][PASSED] - Object: 'Object Repository/Web Object Repository/CURA Healthcare Service/Home Page/Make Appointment' is clicked on

2021-06-15 21:05:57 - [TEST_STEP][PASSED] - setText(findTestObject("Web Object Repository/CURA Healthcare Service/Login Page/input_Username"), username): Text 'John Doe' is set on object 'Object Repository/Web Object Repository/CURA Healthcare Service/Login Page/input_Username'

2021-06-15 21:05:58 - [MESSAGE][PASSED] - Text 'John Doe' is set on object 'Object Repository/Web Object Repository/CURA Healthcare Service/Login Page/input_Username'

2021-06-15 21:05:58 - [TEST_STEP][PASSED] - setText(findTestObject("Web Object Repository/CURA Healthcare Service/Login Page/input_Password"), password): Text 'ThisIsNotAPassword' is set on object 'Object Repository/Web Object Repository/CURA Healthcare Service/Login Page/input_Password'

2021-06-15 21:05:59 - [MESSAGE][PASSED] - Text 'ThisIsNotAPassword' is set on object 'Object Repository/Web Object Repository/CURA Healthcare Service/Login Page/input_Password'

2021-06-15 21:05:59 - [TEST_STEP][PASSED] - click(findTestObject("Web Object Repository/CURA Healthcare Service/Login Page/button_Login")): Object: 'Object Repository/Web Object Repository/CURA Healthcare Service/Login Page/button_Login' is clicked on

2021-06-15 21:06:00 - [MESSAGE][PASSED] - Object: 'Object Repository/Web Object Repository/CURA Healthcare Service/Login Page/button_Login' is clicked on

2021-06-15 21:06:00 - [TEST_STEP][PASSED] - verifyElementText(findTestObject("Web Object Repository/CURA Healthcare Service/Appointment Page/Make Appointment"), "Make Appointment"): Actual text and expected text of test object 'Object Repository/Web Object Repository/CURA Healthcare Service/Appointment Page/Make Appointment' are matched.

2021-06-15 21:06:00 - [MESSAGE][PASSED] - Actual text and expected text of test object 'Object Repository/Web Object Repository/CURA Healthcare Service/Appointment Page/Make Appointment' are matched.

2021-06-15 21:06:00 - [TEST_STEP][PASSED] - Start listener action : sampleAfterTestCase: null

2021-06-15 21:06:00 - [TEST_STEP][PASSED] - println(testCaseContext.getTestCaseId()): null

2021-06-15 21:06:00 - [TEST_STEP][PASSED] - println("Test Case Status After Run :" + testCaseContext.getTestCaseStatus()): null

2021-06-15 21:06:00 - [TEST_STEP][PASSED] - if (testCaseStatus == "FAILED"): null]]></system-out>
         <system-err><![CDATA[]]></system-err>
      </testcase>
      <testcase name="Test Cases/DataBase TestCases/Data Driven Test Case" time="9.983" classname="Test Cases/DataBase TestCases/Data Driven Test Case" status="FAILED">
         <failure type="FAILED" message="Test Cases/DataBase TestCases/Data Driven Test Case FAILED.
Reason:
com.kms.katalon.core.exception.StepFailedException: Verify element text of test object 'Object Repository/Web Object Repository/CURA Healthcare Service/Appointment Page/Make Appointment' FAILED.
	at com.kms.katalon.core.webui.keyword.internal.WebUIKeywordMain.stepFailed(WebUIKeywordMain.groovy:64)
	at com.kms.katalon.core.webui.keyword.internal.WebUIKeywordMain.runKeyword(WebUIKeywordMain.groovy:26)
	at com.kms.katalon.core.webui.keyword.builtin.VerifyElementTextKeyword.verifyElementText(VerifyElementTextKeyword.groovy:72)
	at com.kms.katalon.core.webui.keyword.builtin.VerifyElementTextKeyword.execute(VerifyElementTextKeyword.groovy:40)
	at com.kms.katalon.core.keyword.internal.KeywordExecutor.executeKeywordForPlatform(KeywordExecutor.groovy:73)
	at com.kms.katalon.core.webui.keyword.WebUiBuiltInKeywords.verifyElementText(WebUiBuiltInKeywords.groovy:4749)
	at com.kms.katalon.core.webui.keyword.WebUiBuiltInKeywords$verifyElementText$4.call(Unknown Source)
	at Data Driven Test Case.run(Data Driven Test Case:30)
	at com.kms.katalon.core.main.ScriptEngine.run(ScriptEngine.java:194)
	at com.kms.katalon.core.main.ScriptEngine.runScriptAsRawText(ScriptEngine.java:119)
	at com.kms.katalon.core.main.TestCaseExecutor.runScript(TestCaseExecutor.java:369)
	at com.kms.katalon.core.main.TestCaseExecutor.doExecute(TestCaseExecutor.java:360)
	at com.kms.katalon.core.main.TestCaseExecutor.processExecutionPhase(TestCaseExecutor.java:339)
	at com.kms.katalon.core.main.TestCaseExecutor.accessMainPhase(TestCaseExecutor.java:331)
	at com.kms.katalon.core.main.TestCaseExecutor.execute(TestCaseExecutor.java:248)
	at com.kms.katalon.core.main.TestSuiteExecutor.accessTestCaseMainPhase(TestSuiteExecutor.java:191)
	at com.kms.katalon.core.main.TestSuiteExecutor.accessTestSuiteMainPhase(TestSuiteExecutor.java:140)
	at com.kms.katalon.core.main.TestSuiteExecutor.execute(TestSuiteExecutor.java:89)
	at com.kms.katalon.core.main.TestCaseMain.startTestSuite(TestCaseMain.java:181)
	at com.kms.katalon.core.main.TestCaseMain$startTestSuite$0.call(Unknown Source)
	at TempTestSuite1623812697987.run(TempTestSuite1623812697987.groovy:39)
Caused by: com.kms.katalon.core.exception.StepFailedException: Actual text 'Login' and expected text 'Make Appointment' of test object 'Object Repository/Web Object Repository/CURA Healthcare Service/Appointment Page/Make Appointment' are NOT matched.
	at com.kms.katalon.core.webui.keyword.internal.WebUIKeywordMain.stepFailed(WebUIKeywordMain.groovy:64)
	at com.kms.katalon.core.webui.keyword.builtin.VerifyElementTextKeyword$_verifyElementText_closure1.doCall(VerifyElementTextKeyword.groovy:57)
	at com.kms.katalon.core.webui.keyword.builtin.VerifyElementTextKeyword$_verifyElementText_closure1.call(VerifyElementTextKeyword.groovy)
	at com.kms.katalon.core.webui.keyword.internal.WebUIKeywordMain.runKeyword(WebUIKeywordMain.groovy:20)
	... 19 more
"/>
         <system-out><![CDATA[2021-06-15 21:06:01 - [TEST_CASE][FAILED] - Test Cases/DataBase TestCases/Data Driven Test Case: Test Cases/DataBase TestCases/Data Driven Test Case FAILED.
Reason:
com.kms.katalon.core.exception.StepFailedException: Verify element text of test object 'Object Repository/Web Object Repository/CURA Healthcare Service/Appointment Page/Make Appointment' FAILED.
	at com.kms.katalon.core.webui.keyword.internal.WebUIKeywordMain.stepFailed(WebUIKeywordMain.groovy:64)
	at com.kms.katalon.core.webui.keyword.internal.WebUIKeywordMain.runKeyword(WebUIKeywordMain.groovy:26)
	at com.kms.katalon.core.webui.keyword.builtin.VerifyElementTextKeyword.verifyElementText(VerifyElementTextKeyword.groovy:72)
	at com.kms.katalon.core.webui.keyword.builtin.VerifyElementTextKeyword.execute(VerifyElementTextKeyword.groovy:40)
	at com.kms.katalon.core.keyword.internal.KeywordExecutor.executeKeywordForPlatform(KeywordExecutor.groovy:73)
	at com.kms.katalon.core.webui.keyword.WebUiBuiltInKeywords.verifyElementText(WebUiBuiltInKeywords.groovy:4749)
	at com.kms.katalon.core.webui.keyword.WebUiBuiltInKeywords$verifyElementText$4.call(Unknown Source)
	at Data Driven Test Case.run(Data Driven Test Case:30)
	at com.kms.katalon.core.main.ScriptEngine.run(ScriptEngine.java:194)
	at com.kms.katalon.core.main.ScriptEngine.runScriptAsRawText(ScriptEngine.java:119)
	at com.kms.katalon.core.main.TestCaseExecutor.runScript(TestCaseExecutor.java:369)
	at com.kms.katalon.core.main.TestCaseExecutor.doExecute(TestCaseExecutor.java:360)
	at com.kms.katalon.core.main.TestCaseExecutor.processExecutionPhase(TestCaseExecutor.java:339)
	at com.kms.katalon.core.main.TestCaseExecutor.accessMainPhase(TestCaseExecutor.java:331)
	at com.kms.katalon.core.main.TestCaseExecutor.execute(TestCaseExecutor.java:248)
	at com.kms.katalon.core.main.TestSuiteExecutor.accessTestCaseMainPhase(TestSuiteExecutor.java:191)
	at com.kms.katalon.core.main.TestSuiteExecutor.accessTestSuiteMainPhase(TestSuiteExecutor.java:140)
	at com.kms.katalon.core.main.TestSuiteExecutor.execute(TestSuiteExecutor.java:89)
	at com.kms.katalon.core.main.TestCaseMain.startTestSuite(TestCaseMain.java:181)
	at com.kms.katalon.core.main.TestCaseMain$startTestSuite$0.call(Unknown Source)
	at TempTestSuite1623812697987.run(TempTestSuite1623812697987.groovy:39)
Caused by: com.kms.katalon.core.exception.StepFailedException: Actual text 'Login' and expected text 'Make Appointment' of test object 'Object Repository/Web Object Repository/CURA Healthcare Service/Appointment Page/Make Appointment' are NOT matched.
	at com.kms.katalon.core.webui.keyword.internal.WebUIKeywordMain.stepFailed(WebUIKeywordMain.groovy:64)
	at com.kms.katalon.core.webui.keyword.builtin.VerifyElementTextKeyword$_verifyElementText_closure1.doCall(VerifyElementTextKeyword.groovy:57)
	at com.kms.katalon.core.webui.keyword.builtin.VerifyElementTextKeyword$_verifyElementText_closure1.call(VerifyElementTextKeyword.groovy)
	at com.kms.katalon.core.webui.keyword.internal.WebUIKeywordMain.runKeyword(WebUIKeywordMain.groovy:20)
	... 19 more


2021-06-15 21:06:01 - [TEST_STEP][PASSED] - Start listener action : sampleBeforeTestCase: null

2021-06-15 21:06:01 - [TEST_STEP][PASSED] - println(testCaseContext.getTestCaseId()): null

2021-06-15 21:06:01 - [TEST_STEP][PASSED] - println(testCaseContext.getTestCaseVariables()): null

2021-06-15 21:06:01 - [TEST_STEP][PASSED] - println("Test Case Status Before Run : " + TESTCASE_STATUS): null

2021-06-15 21:06:01 - [TEST_STEP][PASSED] - openBrowser(URL): Browser is opened with url: 'https://katalon-demo-cura.herokuapp.com'

2021-06-15 21:06:01 - [MESSAGE][WARNING] - A browser is already opened. Closing browser and opening a new one

2021-06-15 21:06:01 - [MESSAGE][INFO] - Starting 'Chrome' driver

2021-06-15 21:06:01 - [MESSAGE][INFO] - Action delay is set to 0 milliseconds

2021-06-15 21:06:06 - [MESSAGE][PASSED] - Browser is opened with url: 'https://katalon-demo-cura.herokuapp.com'

2021-06-15 21:06:06 - [TEST_STEP][PASSED] - click(findTestObject("Web Object Repository/CURA Healthcare Service/Home Page/Make Appointment")): Object: 'Object Repository/Web Object Repository/CURA Healthcare Service/Home Page/Make Appointment' is clicked on

2021-06-15 21:06:07 - [MESSAGE][PASSED] - Object: 'Object Repository/Web Object Repository/CURA Healthcare Service/Home Page/Make Appointment' is clicked on

2021-06-15 21:06:07 - [TEST_STEP][PASSED] - setText(findTestObject("Web Object Repository/CURA Healthcare Service/Login Page/input_Username"), username): Text 'Srivatsa' is set on object 'Object Repository/Web Object Repository/CURA Healthcare Service/Login Page/input_Username'

2021-06-15 21:06:08 - [MESSAGE][PASSED] - Text 'Srivatsa' is set on object 'Object Repository/Web Object Repository/CURA Healthcare Service/Login Page/input_Username'

2021-06-15 21:06:08 - [TEST_STEP][PASSED] - setText(findTestObject("Web Object Repository/CURA Healthcare Service/Login Page/input_Password"), password): Text '1234' is set on object 'Object Repository/Web Object Repository/CURA Healthcare Service/Login Page/input_Password'

2021-06-15 21:06:09 - [MESSAGE][PASSED] - Text '1234' is set on object 'Object Repository/Web Object Repository/CURA Healthcare Service/Login Page/input_Password'

2021-06-15 21:06:09 - [TEST_STEP][PASSED] - click(findTestObject("Web Object Repository/CURA Healthcare Service/Login Page/button_Login")): Object: 'Object Repository/Web Object Repository/CURA Healthcare Service/Login Page/button_Login' is clicked on

2021-06-15 21:06:10 - [MESSAGE][PASSED] - Object: 'Object Repository/Web Object Repository/CURA Healthcare Service/Login Page/button_Login' is clicked on

2021-06-15 21:06:10 - [TEST_STEP][FAILED] - verifyElementText(findTestObject("Web Object Repository/CURA Healthcare Service/Appointment Page/Make Appointment"), "Make Appointment"): Verify element text of test object 'Object Repository/Web Object Repository/CURA Healthcare Service/Appointment Page/Make Appointment' FAILED. (Root cause: com.kms.katalon.core.exception.StepFailedException: Verify element text of test object 'Object Repository/Web Object Repository/CURA Healthcare Service/Appointment Page/Make Appointment' FAILED.
	at com.kms.katalon.core.webui.keyword.internal.WebUIKeywordMain.stepFailed(WebUIKeywordMain.groovy:64)
	at com.kms.katalon.core.webui.keyword.internal.WebUIKeywordMain.runKeyword(WebUIKeywordMain.groovy:26)
	at com.kms.katalon.core.webui.keyword.builtin.VerifyElementTextKeyword.verifyElementText(VerifyElementTextKeyword.groovy:72)
	at com.kms.katalon.core.webui.keyword.builtin.VerifyElementTextKeyword.execute(VerifyElementTextKeyword.groovy:40)
	at com.kms.katalon.core.keyword.internal.KeywordExecutor.executeKeywordForPlatform(KeywordExecutor.groovy:73)
	at com.kms.katalon.core.webui.keyword.WebUiBuiltInKeywords.verifyElementText(WebUiBuiltInKeywords.groovy:4749)
	at com.kms.katalon.core.webui.keyword.WebUiBuiltInKeywords$verifyElementText$4.call(Unknown Source)
	at Data Driven Test Case.run(Data Driven Test Case:30)
	at com.kms.katalon.core.main.ScriptEngine.run(ScriptEngine.java:194)
	at com.kms.katalon.core.main.ScriptEngine.runScriptAsRawText(ScriptEngine.java:119)
	at com.kms.katalon.core.main.TestCaseExecutor.runScript(TestCaseExecutor.java:369)
	at com.kms.katalon.core.main.TestCaseExecutor.doExecute(TestCaseExecutor.java:360)
	at com.kms.katalon.core.main.TestCaseExecutor.processExecutionPhase(TestCaseExecutor.java:339)
	at com.kms.katalon.core.main.TestCaseExecutor.accessMainPhase(TestCaseExecutor.java:331)
	at com.kms.katalon.core.main.TestCaseExecutor.execute(TestCaseExecutor.java:248)
	at com.kms.katalon.core.main.TestSuiteExecutor.accessTestCaseMainPhase(TestSuiteExecutor.java:191)
	at com.kms.katalon.core.main.TestSuiteExecutor.accessTestSuiteMainPhase(TestSuiteExecutor.java:140)
	at com.kms.katalon.core.main.TestSuiteExecutor.execute(TestSuiteExecutor.java:89)
	at com.kms.katalon.core.main.TestCaseMain.startTestSuite(TestCaseMain.java:181)
	at com.kms.katalon.core.main.TestCaseMain$startTestSuite$0.call(Unknown Source)
	at TempTestSuite1623812697987.run(TempTestSuite1623812697987.groovy:39)
Caused by: com.kms.katalon.core.exception.StepFailedException: Actual text 'Login' and expected text 'Make Appointment' of test object 'Object Repository/Web Object Repository/CURA Healthcare Service/Appointment Page/Make Appointment' are NOT matched.
	at com.kms.katalon.core.webui.keyword.internal.WebUIKeywordMain.stepFailed(WebUIKeywordMain.groovy:64)
	at com.kms.katalon.core.webui.keyword.builtin.VerifyElementTextKeyword$_verifyElementText_closure1.doCall(VerifyElementTextKeyword.groovy:57)
	at com.kms.katalon.core.webui.keyword.builtin.VerifyElementTextKeyword$_verifyElementText_closure1.call(VerifyElementTextKeyword.groovy)
	at com.kms.katalon.core.webui.keyword.internal.WebUIKeywordMain.runKeyword(WebUIKeywordMain.groovy:20)
	... 19 more
)

2021-06-15 21:06:10 - [MESSAGE][FAILED] - Actual text 'Login' and expected text 'Make Appointment' of test object 'Object Repository/Web Object Repository/CURA Healthcare Service/Appointment Page/Make Appointment' are NOT matched. (Root cause: com.kms.katalon.core.exception.StepFailedException: Actual text 'Login' and expected text 'Make Appointment' of test object 'Object Repository/Web Object Repository/CURA Healthcare Service/Appointment Page/Make Appointment' are NOT matched.
	at com.kms.katalon.core.webui.keyword.internal.WebUIKeywordMain.stepFailed(WebUIKeywordMain.groovy:64)
	at com.kms.katalon.core.webui.keyword.builtin.VerifyElementTextKeyword$_verifyElementText_closure1.doCall(VerifyElementTextKeyword.groovy:57)
	at com.kms.katalon.core.webui.keyword.builtin.VerifyElementTextKeyword$_verifyElementText_closure1.call(VerifyElementTextKeyword.groovy)
	at com.kms.katalon.core.webui.keyword.internal.WebUIKeywordMain.runKeyword(WebUIKeywordMain.groovy:20)
	at com.kms.katalon.core.webui.keyword.builtin.VerifyElementTextKeyword.verifyElementText(VerifyElementTextKeyword.groovy:72)
	at com.kms.katalon.core.webui.keyword.builtin.VerifyElementTextKeyword.execute(VerifyElementTextKeyword.groovy:40)
	at com.kms.katalon.core.keyword.internal.KeywordExecutor.executeKeywordForPlatform(KeywordExecutor.groovy:73)
	at com.kms.katalon.core.webui.keyword.WebUiBuiltInKeywords.verifyElementText(WebUiBuiltInKeywords.groovy:4749)
	at com.kms.katalon.core.webui.keyword.WebUiBuiltInKeywords$verifyElementText$4.call(Unknown Source)
	at Data Driven Test Case.run(Data Driven Test Case:30)
	at com.kms.katalon.core.main.ScriptEngine.run(ScriptEngine.java:194)
	at com.kms.katalon.core.main.ScriptEngine.runScriptAsRawText(ScriptEngine.java:119)
	at com.kms.katalon.core.main.TestCaseExecutor.runScript(TestCaseExecutor.java:369)
	at com.kms.katalon.core.main.TestCaseExecutor.doExecute(TestCaseExecutor.java:360)
	at com.kms.katalon.core.main.TestCaseExecutor.processExecutionPhase(TestCaseExecutor.java:339)
	at com.kms.katalon.core.main.TestCaseExecutor.accessMainPhase(TestCaseExecutor.java:331)
	at com.kms.katalon.core.main.TestCaseExecutor.execute(TestCaseExecutor.java:248)
	at com.kms.katalon.core.main.TestSuiteExecutor.accessTestCaseMainPhase(TestSuiteExecutor.java:191)
	at com.kms.katalon.core.main.TestSuiteExecutor.accessTestSuiteMainPhase(TestSuiteExecutor.java:140)
	at com.kms.katalon.core.main.TestSuiteExecutor.execute(TestSuiteExecutor.java:89)
	at com.kms.katalon.core.main.TestCaseMain.startTestSuite(TestCaseMain.java:181)
	at com.kms.katalon.core.main.TestCaseMain$startTestSuite$0.call(Unknown Source)
	at TempTestSuite1623812697987.run(TempTestSuite1623812697987.groovy:39)
)
[[ATTACHMENT|/Users/srivatsa/Katalon Studio/DEMOABLE PROJECTs/WebUIApiInternalDemo/Reports/20210615_210457/Cure Healthcare Service/Data Driven TestSuite/20210615_210457/1623812770647.png]]

2021-06-15 21:06:10 - [MESSAGE][FAILED] - Verify element text of test object 'Object Repository/Web Object Repository/CURA Healthcare Service/Appointment Page/Make Appointment' FAILED. (Root cause: com.kms.katalon.core.exception.StepFailedException: Verify element text of test object 'Object Repository/Web Object Repository/CURA Healthcare Service/Appointment Page/Make Appointment' FAILED.
	at com.kms.katalon.core.webui.keyword.internal.WebUIKeywordMain.stepFailed(WebUIKeywordMain.groovy:64)
	at com.kms.katalon.core.webui.keyword.internal.WebUIKeywordMain.runKeyword(WebUIKeywordMain.groovy:26)
	at com.kms.katalon.core.webui.keyword.builtin.VerifyElementTextKeyword.verifyElementText(VerifyElementTextKeyword.groovy:72)
	at com.kms.katalon.core.webui.keyword.builtin.VerifyElementTextKeyword.execute(VerifyElementTextKeyword.groovy:40)
	at com.kms.katalon.core.keyword.internal.KeywordExecutor.executeKeywordForPlatform(KeywordExecutor.groovy:73)
	at com.kms.katalon.core.webui.keyword.WebUiBuiltInKeywords.verifyElementText(WebUiBuiltInKeywords.groovy:4749)
	at com.kms.katalon.core.webui.keyword.WebUiBuiltInKeywords$verifyElementText$4.call(Unknown Source)
	at Data Driven Test Case.run(Data Driven Test Case:30)
	at com.kms.katalon.core.main.ScriptEngine.run(ScriptEngine.java:194)
	at com.kms.katalon.core.main.ScriptEngine.runScriptAsRawText(ScriptEngine.java:119)
	at com.kms.katalon.core.main.TestCaseExecutor.runScript(TestCaseExecutor.java:369)
	at com.kms.katalon.core.main.TestCaseExecutor.doExecute(TestCaseExecutor.java:360)
	at com.kms.katalon.core.main.TestCaseExecutor.processExecutionPhase(TestCaseExecutor.java:339)
	at com.kms.katalon.core.main.TestCaseExecutor.accessMainPhase(TestCaseExecutor.java:331)
	at com.kms.katalon.core.main.TestCaseExecutor.execute(TestCaseExecutor.java:248)
	at com.kms.katalon.core.main.TestSuiteExecutor.accessTestCaseMainPhase(TestSuiteExecutor.java:191)
	at com.kms.katalon.core.main.TestSuiteExecutor.accessTestSuiteMainPhase(TestSuiteExecutor.java:140)
	at com.kms.katalon.core.main.TestSuiteExecutor.execute(TestSuiteExecutor.java:89)
	at com.kms.katalon.core.main.TestCaseMain.startTestSuite(TestCaseMain.java:181)
	at com.kms.katalon.core.main.TestCaseMain$startTestSuite$0.call(Unknown Source)
	at TempTestSuite1623812697987.run(TempTestSuite1623812697987.groovy:39)
Caused by: com.kms.katalon.core.exception.StepFailedException: Actual text 'Login' and expected text 'Make Appointment' of test object 'Object Repository/Web Object Repository/CURA Healthcare Service/Appointment Page/Make Appointment' are NOT matched.
	at com.kms.katalon.core.webui.keyword.internal.WebUIKeywordMain.stepFailed(WebUIKeywordMain.groovy:64)
	at com.kms.katalon.core.webui.keyword.builtin.VerifyElementTextKeyword$_verifyElementText_closure1.doCall(VerifyElementTextKeyword.groovy:57)
	at com.kms.katalon.core.webui.keyword.builtin.VerifyElementTextKeyword$_verifyElementText_closure1.call(VerifyElementTextKeyword.groovy)
	at com.kms.katalon.core.webui.keyword.internal.WebUIKeywordMain.runKeyword(WebUIKeywordMain.groovy:20)
	... 19 more
)
[[ATTACHMENT|/Users/srivatsa/Katalon Studio/DEMOABLE PROJECTs/WebUIApiInternalDemo/Reports/20210615_210457/Cure Healthcare Service/Data Driven TestSuite/20210615_210457/1623812770836.png]]

2021-06-15 21:06:11 - [TEST_STEP][PASSED] - Start listener action : sampleAfterTestCase: null

2021-06-15 21:06:11 - [TEST_STEP][PASSED] - println(testCaseContext.getTestCaseId()): null

2021-06-15 21:06:11 - [TEST_STEP][PASSED] - println("Test Case Status After Run :" + testCaseContext.getTestCaseStatus()): null

2021-06-15 21:06:11 - [TEST_STEP][PASSED] - if (testCaseStatus == "FAILED"): null

2021-06-15 21:06:11 - [TEST_STEP][PASSED] - TESTCASE_STATUS = false: null]]></system-out>
         <system-err><![CDATA[2021-06-15 21:06:01 - [TEST_CASE][FAILED] - Test Cases/DataBase TestCases/Data Driven Test Case: Test Cases/DataBase TestCases/Data Driven Test Case FAILED.
Reason:
com.kms.katalon.core.exception.StepFailedException: Verify element text of test object 'Object Repository/Web Object Repository/CURA Healthcare Service/Appointment Page/Make Appointment' FAILED.
	at com.kms.katalon.core.webui.keyword.internal.WebUIKeywordMain.stepFailed(WebUIKeywordMain.groovy:64)
	at com.kms.katalon.core.webui.keyword.internal.WebUIKeywordMain.runKeyword(WebUIKeywordMain.groovy:26)
	at com.kms.katalon.core.webui.keyword.builtin.VerifyElementTextKeyword.verifyElementText(VerifyElementTextKeyword.groovy:72)
	at com.kms.katalon.core.webui.keyword.builtin.VerifyElementTextKeyword.execute(VerifyElementTextKeyword.groovy:40)
	at com.kms.katalon.core.keyword.internal.KeywordExecutor.executeKeywordForPlatform(KeywordExecutor.groovy:73)
	at com.kms.katalon.core.webui.keyword.WebUiBuiltInKeywords.verifyElementText(WebUiBuiltInKeywords.groovy:4749)
	at com.kms.katalon.core.webui.keyword.WebUiBuiltInKeywords$verifyElementText$4.call(Unknown Source)
	at Data Driven Test Case.run(Data Driven Test Case:30)
	at com.kms.katalon.core.main.ScriptEngine.run(ScriptEngine.java:194)
	at com.kms.katalon.core.main.ScriptEngine.runScriptAsRawText(ScriptEngine.java:119)
	at com.kms.katalon.core.main.TestCaseExecutor.runScript(TestCaseExecutor.java:369)
	at com.kms.katalon.core.main.TestCaseExecutor.doExecute(TestCaseExecutor.java:360)
	at com.kms.katalon.core.main.TestCaseExecutor.processExecutionPhase(TestCaseExecutor.java:339)
	at com.kms.katalon.core.main.TestCaseExecutor.accessMainPhase(TestCaseExecutor.java:331)
	at com.kms.katalon.core.main.TestCaseExecutor.execute(TestCaseExecutor.java:248)
	at com.kms.katalon.core.main.TestSuiteExecutor.accessTestCaseMainPhase(TestSuiteExecutor.java:191)
	at com.kms.katalon.core.main.TestSuiteExecutor.accessTestSuiteMainPhase(TestSuiteExecutor.java:140)
	at com.kms.katalon.core.main.TestSuiteExecutor.execute(TestSuiteExecutor.java:89)
	at com.kms.katalon.core.main.TestCaseMain.startTestSuite(TestCaseMain.java:181)
	at com.kms.katalon.core.main.TestCaseMain$startTestSuite$0.call(Unknown Source)
	at TempTestSuite1623812697987.run(TempTestSuite1623812697987.groovy:39)
Caused by: com.kms.katalon.core.exception.StepFailedException: Actual text 'Login' and expected text 'Make Appointment' of test object 'Object Repository/Web Object Repository/CURA Healthcare Service/Appointment Page/Make Appointment' are NOT matched.
	at com.kms.katalon.core.webui.keyword.internal.WebUIKeywordMain.stepFailed(WebUIKeywordMain.groovy:64)
	at com.kms.katalon.core.webui.keyword.builtin.VerifyElementTextKeyword$_verifyElementText_closure1.doCall(VerifyElementTextKeyword.groovy:57)
	at com.kms.katalon.core.webui.keyword.builtin.VerifyElementTextKeyword$_verifyElementText_closure1.call(VerifyElementTextKeyword.groovy)
	at com.kms.katalon.core.webui.keyword.internal.WebUIKeywordMain.runKeyword(WebUIKeywordMain.groovy:20)
	... 19 more]]></system-err>
      </testcase>
      <testcase name="Test Cases/DataBase TestCases/Data Driven Test Case" time="8.62" classname="Test Cases/DataBase TestCases/Data Driven Test Case" status="FAILED">
         <failure type="FAILED" message="Test Cases/DataBase TestCases/Data Driven Test Case FAILED.
Reason:
com.kms.katalon.core.exception.StepFailedException: Verify element text of test object 'Object Repository/Web Object Repository/CURA Healthcare Service/Appointment Page/Make Appointment' FAILED.
	at com.kms.katalon.core.webui.keyword.internal.WebUIKeywordMain.stepFailed(WebUIKeywordMain.groovy:64)
	at com.kms.katalon.core.webui.keyword.internal.WebUIKeywordMain.runKeyword(WebUIKeywordMain.groovy:26)
	at com.kms.katalon.core.webui.keyword.builtin.VerifyElementTextKeyword.verifyElementText(VerifyElementTextKeyword.groovy:72)
	at com.kms.katalon.core.webui.keyword.builtin.VerifyElementTextKeyword.execute(VerifyElementTextKeyword.groovy:40)
	at com.kms.katalon.core.keyword.internal.KeywordExecutor.executeKeywordForPlatform(KeywordExecutor.groovy:73)
	at com.kms.katalon.core.webui.keyword.WebUiBuiltInKeywords.verifyElementText(WebUiBuiltInKeywords.groovy:4749)
	at com.kms.katalon.core.webui.keyword.WebUiBuiltInKeywords$verifyElementText$4.call(Unknown Source)
	at Data Driven Test Case.run(Data Driven Test Case:30)
	at com.kms.katalon.core.main.ScriptEngine.run(ScriptEngine.java:194)
	at com.kms.katalon.core.main.ScriptEngine.runScriptAsRawText(ScriptEngine.java:119)
	at com.kms.katalon.core.main.TestCaseExecutor.runScript(TestCaseExecutor.java:369)
	at com.kms.katalon.core.main.TestCaseExecutor.doExecute(TestCaseExecutor.java:360)
	at com.kms.katalon.core.main.TestCaseExecutor.processExecutionPhase(TestCaseExecutor.java:339)
	at com.kms.katalon.core.main.TestCaseExecutor.accessMainPhase(TestCaseExecutor.java:331)
	at com.kms.katalon.core.main.TestCaseExecutor.execute(TestCaseExecutor.java:248)
	at com.kms.katalon.core.main.TestSuiteExecutor.accessTestCaseMainPhase(TestSuiteExecutor.java:191)
	at com.kms.katalon.core.main.TestSuiteExecutor.accessTestSuiteMainPhase(TestSuiteExecutor.java:140)
	at com.kms.katalon.core.main.TestSuiteExecutor.execute(TestSuiteExecutor.java:89)
	at com.kms.katalon.core.main.TestCaseMain.startTestSuite(TestCaseMain.java:181)
	at com.kms.katalon.core.main.TestCaseMain$startTestSuite$0.call(Unknown Source)
	at TempTestSuite1623812697987.run(TempTestSuite1623812697987.groovy:39)
Caused by: com.kms.katalon.core.exception.StepFailedException: Actual text 'Login' and expected text 'Make Appointment' of test object 'Object Repository/Web Object Repository/CURA Healthcare Service/Appointment Page/Make Appointment' are NOT matched.
	at com.kms.katalon.core.webui.keyword.internal.WebUIKeywordMain.stepFailed(WebUIKeywordMain.groovy:64)
	at com.kms.katalon.core.webui.keyword.builtin.VerifyElementTextKeyword$_verifyElementText_closure1.doCall(VerifyElementTextKeyword.groovy:57)
	at com.kms.katalon.core.webui.keyword.builtin.VerifyElementTextKeyword$_verifyElementText_closure1.call(VerifyElementTextKeyword.groovy)
	at com.kms.katalon.core.webui.keyword.internal.WebUIKeywordMain.runKeyword(WebUIKeywordMain.groovy:20)
	... 19 more
"/>
         <system-out><![CDATA[2021-06-15 21:06:11 - [TEST_CASE][FAILED] - Test Cases/DataBase TestCases/Data Driven Test Case: Test Cases/DataBase TestCases/Data Driven Test Case FAILED.
Reason:
com.kms.katalon.core.exception.StepFailedException: Verify element text of test object 'Object Repository/Web Object Repository/CURA Healthcare Service/Appointment Page/Make Appointment' FAILED.
	at com.kms.katalon.core.webui.keyword.internal.WebUIKeywordMain.stepFailed(WebUIKeywordMain.groovy:64)
	at com.kms.katalon.core.webui.keyword.internal.WebUIKeywordMain.runKeyword(WebUIKeywordMain.groovy:26)
	at com.kms.katalon.core.webui.keyword.builtin.VerifyElementTextKeyword.verifyElementText(VerifyElementTextKeyword.groovy:72)
	at com.kms.katalon.core.webui.keyword.builtin.VerifyElementTextKeyword.execute(VerifyElementTextKeyword.groovy:40)
	at com.kms.katalon.core.keyword.internal.KeywordExecutor.executeKeywordForPlatform(KeywordExecutor.groovy:73)
	at com.kms.katalon.core.webui.keyword.WebUiBuiltInKeywords.verifyElementText(WebUiBuiltInKeywords.groovy:4749)
	at com.kms.katalon.core.webui.keyword.WebUiBuiltInKeywords$verifyElementText$4.call(Unknown Source)
	at Data Driven Test Case.run(Data Driven Test Case:30)
	at com.kms.katalon.core.main.ScriptEngine.run(ScriptEngine.java:194)
	at com.kms.katalon.core.main.ScriptEngine.runScriptAsRawText(ScriptEngine.java:119)
	at com.kms.katalon.core.main.TestCaseExecutor.runScript(TestCaseExecutor.java:369)
	at com.kms.katalon.core.main.TestCaseExecutor.doExecute(TestCaseExecutor.java:360)
	at com.kms.katalon.core.main.TestCaseExecutor.processExecutionPhase(TestCaseExecutor.java:339)
	at com.kms.katalon.core.main.TestCaseExecutor.accessMainPhase(TestCaseExecutor.java:331)
	at com.kms.katalon.core.main.TestCaseExecutor.execute(TestCaseExecutor.java:248)
	at com.kms.katalon.core.main.TestSuiteExecutor.accessTestCaseMainPhase(TestSuiteExecutor.java:191)
	at com.kms.katalon.core.main.TestSuiteExecutor.accessTestSuiteMainPhase(TestSuiteExecutor.java:140)
	at com.kms.katalon.core.main.TestSuiteExecutor.execute(TestSuiteExecutor.java:89)
	at com.kms.katalon.core.main.TestCaseMain.startTestSuite(TestCaseMain.java:181)
	at com.kms.katalon.core.main.TestCaseMain$startTestSuite$0.call(Unknown Source)
	at TempTestSuite1623812697987.run(TempTestSuite1623812697987.groovy:39)
Caused by: com.kms.katalon.core.exception.StepFailedException: Actual text 'Login' and expected text 'Make Appointment' of test object 'Object Repository/Web Object Repository/CURA Healthcare Service/Appointment Page/Make Appointment' are NOT matched.
	at com.kms.katalon.core.webui.keyword.internal.WebUIKeywordMain.stepFailed(WebUIKeywordMain.groovy:64)
	at com.kms.katalon.core.webui.keyword.builtin.VerifyElementTextKeyword$_verifyElementText_closure1.doCall(VerifyElementTextKeyword.groovy:57)
	at com.kms.katalon.core.webui.keyword.builtin.VerifyElementTextKeyword$_verifyElementText_closure1.call(VerifyElementTextKeyword.groovy)
	at com.kms.katalon.core.webui.keyword.internal.WebUIKeywordMain.runKeyword(WebUIKeywordMain.groovy:20)
	... 19 more


2021-06-15 21:06:11 - [TEST_STEP][PASSED] - Start listener action : sampleBeforeTestCase: null

2021-06-15 21:06:11 - [TEST_STEP][PASSED] - println(testCaseContext.getTestCaseId()): null

2021-06-15 21:06:11 - [TEST_STEP][PASSED] - println(testCaseContext.getTestCaseVariables()): null

2021-06-15 21:06:11 - [TEST_STEP][PASSED] - println("Test Case Status Before Run : " + TESTCASE_STATUS): null

2021-06-15 21:06:11 - [TEST_STEP][PASSED] - openBrowser(URL): Browser is opened with url: 'https://katalon-demo-cura.herokuapp.com'

2021-06-15 21:06:11 - [MESSAGE][WARNING] - A browser is already opened. Closing browser and opening a new one

2021-06-15 21:06:11 - [MESSAGE][INFO] - Starting 'Chrome' driver

2021-06-15 21:06:11 - [MESSAGE][INFO] - Action delay is set to 0 milliseconds

2021-06-15 21:06:15 - [MESSAGE][PASSED] - Browser is opened with url: 'https://katalon-demo-cura.herokuapp.com'

2021-06-15 21:06:15 - [TEST_STEP][PASSED] - click(findTestObject("Web Object Repository/CURA Healthcare Service/Home Page/Make Appointment")): Object: 'Object Repository/Web Object Repository/CURA Healthcare Service/Home Page/Make Appointment' is clicked on

2021-06-15 21:06:16 - [MESSAGE][PASSED] - Object: 'Object Repository/Web Object Repository/CURA Healthcare Service/Home Page/Make Appointment' is clicked on

2021-06-15 21:06:16 - [TEST_STEP][PASSED] - setText(findTestObject("Web Object Repository/CURA Healthcare Service/Login Page/input_Username"), username): Text 'DatabaseUser1' is set on object 'Object Repository/Web Object Repository/CURA Healthcare Service/Login Page/input_Username'

2021-06-15 21:06:17 - [MESSAGE][PASSED] - Text 'DatabaseUser1' is set on object 'Object Repository/Web Object Repository/CURA Healthcare Service/Login Page/input_Username'

2021-06-15 21:06:17 - [TEST_STEP][PASSED] - setText(findTestObject("Web Object Repository/CURA Healthcare Service/Login Page/input_Password"), password): Text 'DatabasePass1' is set on object 'Object Repository/Web Object Repository/CURA Healthcare Service/Login Page/input_Password'

2021-06-15 21:06:18 - [MESSAGE][PASSED] - Text 'DatabasePass1' is set on object 'Object Repository/Web Object Repository/CURA Healthcare Service/Login Page/input_Password'

2021-06-15 21:06:18 - [TEST_STEP][PASSED] - click(findTestObject("Web Object Repository/CURA Healthcare Service/Login Page/button_Login")): Object: 'Object Repository/Web Object Repository/CURA Healthcare Service/Login Page/button_Login' is clicked on

2021-06-15 21:06:18 - [MESSAGE][PASSED] - Object: 'Object Repository/Web Object Repository/CURA Healthcare Service/Login Page/button_Login' is clicked on

2021-06-15 21:06:18 - [TEST_STEP][FAILED] - verifyElementText(findTestObject("Web Object Repository/CURA Healthcare Service/Appointment Page/Make Appointment"), "Make Appointment"): Verify element text of test object 'Object Repository/Web Object Repository/CURA Healthcare Service/Appointment Page/Make Appointment' FAILED. (Root cause: com.kms.katalon.core.exception.StepFailedException: Verify element text of test object 'Object Repository/Web Object Repository/CURA Healthcare Service/Appointment Page/Make Appointment' FAILED.
	at com.kms.katalon.core.webui.keyword.internal.WebUIKeywordMain.stepFailed(WebUIKeywordMain.groovy:64)
	at com.kms.katalon.core.webui.keyword.internal.WebUIKeywordMain.runKeyword(WebUIKeywordMain.groovy:26)
	at com.kms.katalon.core.webui.keyword.builtin.VerifyElementTextKeyword.verifyElementText(VerifyElementTextKeyword.groovy:72)
	at com.kms.katalon.core.webui.keyword.builtin.VerifyElementTextKeyword.execute(VerifyElementTextKeyword.groovy:40)
	at com.kms.katalon.core.keyword.internal.KeywordExecutor.executeKeywordForPlatform(KeywordExecutor.groovy:73)
	at com.kms.katalon.core.webui.keyword.WebUiBuiltInKeywords.verifyElementText(WebUiBuiltInKeywords.groovy:4749)
	at com.kms.katalon.core.webui.keyword.WebUiBuiltInKeywords$verifyElementText$4.call(Unknown Source)
	at Data Driven Test Case.run(Data Driven Test Case:30)
	at com.kms.katalon.core.main.ScriptEngine.run(ScriptEngine.java:194)
	at com.kms.katalon.core.main.ScriptEngine.runScriptAsRawText(ScriptEngine.java:119)
	at com.kms.katalon.core.main.TestCaseExecutor.runScript(TestCaseExecutor.java:369)
	at com.kms.katalon.core.main.TestCaseExecutor.doExecute(TestCaseExecutor.java:360)
	at com.kms.katalon.core.main.TestCaseExecutor.processExecutionPhase(TestCaseExecutor.java:339)
	at com.kms.katalon.core.main.TestCaseExecutor.accessMainPhase(TestCaseExecutor.java:331)
	at com.kms.katalon.core.main.TestCaseExecutor.execute(TestCaseExecutor.java:248)
	at com.kms.katalon.core.main.TestSuiteExecutor.accessTestCaseMainPhase(TestSuiteExecutor.java:191)
	at com.kms.katalon.core.main.TestSuiteExecutor.accessTestSuiteMainPhase(TestSuiteExecutor.java:140)
	at com.kms.katalon.core.main.TestSuiteExecutor.execute(TestSuiteExecutor.java:89)
	at com.kms.katalon.core.main.TestCaseMain.startTestSuite(TestCaseMain.java:181)
	at com.kms.katalon.core.main.TestCaseMain$startTestSuite$0.call(Unknown Source)
	at TempTestSuite1623812697987.run(TempTestSuite1623812697987.groovy:39)
Caused by: com.kms.katalon.core.exception.StepFailedException: Actual text 'Login' and expected text 'Make Appointment' of test object 'Object Repository/Web Object Repository/CURA Healthcare Service/Appointment Page/Make Appointment' are NOT matched.
	at com.kms.katalon.core.webui.keyword.internal.WebUIKeywordMain.stepFailed(WebUIKeywordMain.groovy:64)
	at com.kms.katalon.core.webui.keyword.builtin.VerifyElementTextKeyword$_verifyElementText_closure1.doCall(VerifyElementTextKeyword.groovy:57)
	at com.kms.katalon.core.webui.keyword.builtin.VerifyElementTextKeyword$_verifyElementText_closure1.call(VerifyElementTextKeyword.groovy)
	at com.kms.katalon.core.webui.keyword.internal.WebUIKeywordMain.runKeyword(WebUIKeywordMain.groovy:20)
	... 19 more
)

2021-06-15 21:06:19 - [MESSAGE][FAILED] - Actual text 'Login' and expected text 'Make Appointment' of test object 'Object Repository/Web Object Repository/CURA Healthcare Service/Appointment Page/Make Appointment' are NOT matched. (Root cause: com.kms.katalon.core.exception.StepFailedException: Actual text 'Login' and expected text 'Make Appointment' of test object 'Object Repository/Web Object Repository/CURA Healthcare Service/Appointment Page/Make Appointment' are NOT matched.
	at com.kms.katalon.core.webui.keyword.internal.WebUIKeywordMain.stepFailed(WebUIKeywordMain.groovy:64)
	at com.kms.katalon.core.webui.keyword.builtin.VerifyElementTextKeyword$_verifyElementText_closure1.doCall(VerifyElementTextKeyword.groovy:57)
	at com.kms.katalon.core.webui.keyword.builtin.VerifyElementTextKeyword$_verifyElementText_closure1.call(VerifyElementTextKeyword.groovy)
	at com.kms.katalon.core.webui.keyword.internal.WebUIKeywordMain.runKeyword(WebUIKeywordMain.groovy:20)
	at com.kms.katalon.core.webui.keyword.builtin.VerifyElementTextKeyword.verifyElementText(VerifyElementTextKeyword.groovy:72)
	at com.kms.katalon.core.webui.keyword.builtin.VerifyElementTextKeyword.execute(VerifyElementTextKeyword.groovy:40)
	at com.kms.katalon.core.keyword.internal.KeywordExecutor.executeKeywordForPlatform(KeywordExecutor.groovy:73)
	at com.kms.katalon.core.webui.keyword.WebUiBuiltInKeywords.verifyElementText(WebUiBuiltInKeywords.groovy:4749)
	at com.kms.katalon.core.webui.keyword.WebUiBuiltInKeywords$verifyElementText$4.call(Unknown Source)
	at Data Driven Test Case.run(Data Driven Test Case:30)
	at com.kms.katalon.core.main.ScriptEngine.run(ScriptEngine.java:194)
	at com.kms.katalon.core.main.ScriptEngine.runScriptAsRawText(ScriptEngine.java:119)
	at com.kms.katalon.core.main.TestCaseExecutor.runScript(TestCaseExecutor.java:369)
	at com.kms.katalon.core.main.TestCaseExecutor.doExecute(TestCaseExecutor.java:360)
	at com.kms.katalon.core.main.TestCaseExecutor.processExecutionPhase(TestCaseExecutor.java:339)
	at com.kms.katalon.core.main.TestCaseExecutor.accessMainPhase(TestCaseExecutor.java:331)
	at com.kms.katalon.core.main.TestCaseExecutor.execute(TestCaseExecutor.java:248)
	at com.kms.katalon.core.main.TestSuiteExecutor.accessTestCaseMainPhase(TestSuiteExecutor.java:191)
	at com.kms.katalon.core.main.TestSuiteExecutor.accessTestSuiteMainPhase(TestSuiteExecutor.java:140)
	at com.kms.katalon.core.main.TestSuiteExecutor.execute(TestSuiteExecutor.java:89)
	at com.kms.katalon.core.main.TestCaseMain.startTestSuite(TestCaseMain.java:181)
	at com.kms.katalon.core.main.TestCaseMain$startTestSuite$0.call(Unknown Source)
	at TempTestSuite1623812697987.run(TempTestSuite1623812697987.groovy:39)
)
[[ATTACHMENT|/Users/srivatsa/Katalon Studio/DEMOABLE PROJECTs/WebUIApiInternalDemo/Reports/20210615_210457/Cure Healthcare Service/Data Driven TestSuite/20210615_210457/1623812779294.png]]

2021-06-15 21:06:19 - [MESSAGE][FAILED] - Verify element text of test object 'Object Repository/Web Object Repository/CURA Healthcare Service/Appointment Page/Make Appointment' FAILED. (Root cause: com.kms.katalon.core.exception.StepFailedException: Verify element text of test object 'Object Repository/Web Object Repository/CURA Healthcare Service/Appointment Page/Make Appointment' FAILED.
	at com.kms.katalon.core.webui.keyword.internal.WebUIKeywordMain.stepFailed(WebUIKeywordMain.groovy:64)
	at com.kms.katalon.core.webui.keyword.internal.WebUIKeywordMain.runKeyword(WebUIKeywordMain.groovy:26)
	at com.kms.katalon.core.webui.keyword.builtin.VerifyElementTextKeyword.verifyElementText(VerifyElementTextKeyword.groovy:72)
	at com.kms.katalon.core.webui.keyword.builtin.VerifyElementTextKeyword.execute(VerifyElementTextKeyword.groovy:40)
	at com.kms.katalon.core.keyword.internal.KeywordExecutor.executeKeywordForPlatform(KeywordExecutor.groovy:73)
	at com.kms.katalon.core.webui.keyword.WebUiBuiltInKeywords.verifyElementText(WebUiBuiltInKeywords.groovy:4749)
	at com.kms.katalon.core.webui.keyword.WebUiBuiltInKeywords$verifyElementText$4.call(Unknown Source)
	at Data Driven Test Case.run(Data Driven Test Case:30)
	at com.kms.katalon.core.main.ScriptEngine.run(ScriptEngine.java:194)
	at com.kms.katalon.core.main.ScriptEngine.runScriptAsRawText(ScriptEngine.java:119)
	at com.kms.katalon.core.main.TestCaseExecutor.runScript(TestCaseExecutor.java:369)
	at com.kms.katalon.core.main.TestCaseExecutor.doExecute(TestCaseExecutor.java:360)
	at com.kms.katalon.core.main.TestCaseExecutor.processExecutionPhase(TestCaseExecutor.java:339)
	at com.kms.katalon.core.main.TestCaseExecutor.accessMainPhase(TestCaseExecutor.java:331)
	at com.kms.katalon.core.main.TestCaseExecutor.execute(TestCaseExecutor.java:248)
	at com.kms.katalon.core.main.TestSuiteExecutor.accessTestCaseMainPhase(TestSuiteExecutor.java:191)
	at com.kms.katalon.core.main.TestSuiteExecutor.accessTestSuiteMainPhase(TestSuiteExecutor.java:140)
	at com.kms.katalon.core.main.TestSuiteExecutor.execute(TestSuiteExecutor.java:89)
	at com.kms.katalon.core.main.TestCaseMain.startTestSuite(TestCaseMain.java:181)
	at com.kms.katalon.core.main.TestCaseMain$startTestSuite$0.call(Unknown Source)
	at TempTestSuite1623812697987.run(TempTestSuite1623812697987.groovy:39)
Caused by: com.kms.katalon.core.exception.StepFailedException: Actual text 'Login' and expected text 'Make Appointment' of test object 'Object Repository/Web Object Repository/CURA Healthcare Service/Appointment Page/Make Appointment' are NOT matched.
	at com.kms.katalon.core.webui.keyword.internal.WebUIKeywordMain.stepFailed(WebUIKeywordMain.groovy:64)
	at com.kms.katalon.core.webui.keyword.builtin.VerifyElementTextKeyword$_verifyElementText_closure1.doCall(VerifyElementTextKeyword.groovy:57)
	at com.kms.katalon.core.webui.keyword.builtin.VerifyElementTextKeyword$_verifyElementText_closure1.call(VerifyElementTextKeyword.groovy)
	at com.kms.katalon.core.webui.keyword.internal.WebUIKeywordMain.runKeyword(WebUIKeywordMain.groovy:20)
	... 19 more
)
[[ATTACHMENT|/Users/srivatsa/Katalon Studio/DEMOABLE PROJECTs/WebUIApiInternalDemo/Reports/20210615_210457/Cure Healthcare Service/Data Driven TestSuite/20210615_210457/1623812779489.png]]

2021-06-15 21:06:19 - [TEST_STEP][PASSED] - Start listener action : sampleAfterTestCase: null

2021-06-15 21:06:19 - [TEST_STEP][PASSED] - println(testCaseContext.getTestCaseId()): null

2021-06-15 21:06:19 - [TEST_STEP][PASSED] - println("Test Case Status After Run :" + testCaseContext.getTestCaseStatus()): null

2021-06-15 21:06:19 - [TEST_STEP][PASSED] - if (testCaseStatus == "FAILED"): null

2021-06-15 21:06:19 - [TEST_STEP][PASSED] - TESTCASE_STATUS = false: null]]></system-out>
         <system-err><![CDATA[2021-06-15 21:06:11 - [TEST_CASE][FAILED] - Test Cases/DataBase TestCases/Data Driven Test Case: Test Cases/DataBase TestCases/Data Driven Test Case FAILED.
Reason:
com.kms.katalon.core.exception.StepFailedException: Verify element text of test object 'Object Repository/Web Object Repository/CURA Healthcare Service/Appointment Page/Make Appointment' FAILED.
	at com.kms.katalon.core.webui.keyword.internal.WebUIKeywordMain.stepFailed(WebUIKeywordMain.groovy:64)
	at com.kms.katalon.core.webui.keyword.internal.WebUIKeywordMain.runKeyword(WebUIKeywordMain.groovy:26)
	at com.kms.katalon.core.webui.keyword.builtin.VerifyElementTextKeyword.verifyElementText(VerifyElementTextKeyword.groovy:72)
	at com.kms.katalon.core.webui.keyword.builtin.VerifyElementTextKeyword.execute(VerifyElementTextKeyword.groovy:40)
	at com.kms.katalon.core.keyword.internal.KeywordExecutor.executeKeywordForPlatform(KeywordExecutor.groovy:73)
	at com.kms.katalon.core.webui.keyword.WebUiBuiltInKeywords.verifyElementText(WebUiBuiltInKeywords.groovy:4749)
	at com.kms.katalon.core.webui.keyword.WebUiBuiltInKeywords$verifyElementText$4.call(Unknown Source)
	at Data Driven Test Case.run(Data Driven Test Case:30)
	at com.kms.katalon.core.main.ScriptEngine.run(ScriptEngine.java:194)
	at com.kms.katalon.core.main.ScriptEngine.runScriptAsRawText(ScriptEngine.java:119)
	at com.kms.katalon.core.main.TestCaseExecutor.runScript(TestCaseExecutor.java:369)
	at com.kms.katalon.core.main.TestCaseExecutor.doExecute(TestCaseExecutor.java:360)
	at com.kms.katalon.core.main.TestCaseExecutor.processExecutionPhase(TestCaseExecutor.java:339)
	at com.kms.katalon.core.main.TestCaseExecutor.accessMainPhase(TestCaseExecutor.java:331)
	at com.kms.katalon.core.main.TestCaseExecutor.execute(TestCaseExecutor.java:248)
	at com.kms.katalon.core.main.TestSuiteExecutor.accessTestCaseMainPhase(TestSuiteExecutor.java:191)
	at com.kms.katalon.core.main.TestSuiteExecutor.accessTestSuiteMainPhase(TestSuiteExecutor.java:140)
	at com.kms.katalon.core.main.TestSuiteExecutor.execute(TestSuiteExecutor.java:89)
	at com.kms.katalon.core.main.TestCaseMain.startTestSuite(TestCaseMain.java:181)
	at com.kms.katalon.core.main.TestCaseMain$startTestSuite$0.call(Unknown Source)
	at TempTestSuite1623812697987.run(TempTestSuite1623812697987.groovy:39)
Caused by: com.kms.katalon.core.exception.StepFailedException: Actual text 'Login' and expected text 'Make Appointment' of test object 'Object Repository/Web Object Repository/CURA Healthcare Service/Appointment Page/Make Appointment' are NOT matched.
	at com.kms.katalon.core.webui.keyword.internal.WebUIKeywordMain.stepFailed(WebUIKeywordMain.groovy:64)
	at com.kms.katalon.core.webui.keyword.builtin.VerifyElementTextKeyword$_verifyElementText_closure1.doCall(VerifyElementTextKeyword.groovy:57)
	at com.kms.katalon.core.webui.keyword.builtin.VerifyElementTextKeyword$_verifyElementText_closure1.call(VerifyElementTextKeyword.groovy)
	at com.kms.katalon.core.webui.keyword.internal.WebUIKeywordMain.runKeyword(WebUIKeywordMain.groovy:20)
	... 19 more]]></system-err>
      </testcase>
      <testcase name="Test Cases/DataBase TestCases/Data Driven Test Case" time="8.355" classname="Test Cases/DataBase TestCases/Data Driven Test Case" status="PASSED">
         <system-out><![CDATA[2021-06-15 21:06:19 - [TEST_CASE][PASSED] - Test Cases/DataBase TestCases/Data Driven Test Case: Test Cases/DataBase TestCases/Data Driven Test Case

2021-06-15 21:06:19 - [TEST_STEP][PASSED] - Start listener action : sampleBeforeTestCase: null

2021-06-15 21:06:19 - [TEST_STEP][PASSED] - println(testCaseContext.getTestCaseId()): null

2021-06-15 21:06:19 - [TEST_STEP][PASSED] - println(testCaseContext.getTestCaseVariables()): null

2021-06-15 21:06:19 - [TEST_STEP][PASSED] - println("Test Case Status Before Run : " + TESTCASE_STATUS): null

2021-06-15 21:06:19 - [TEST_STEP][PASSED] - openBrowser(URL): Browser is opened with url: 'https://katalon-demo-cura.herokuapp.com'

2021-06-15 21:06:19 - [MESSAGE][WARNING] - A browser is already opened. Closing browser and opening a new one

2021-06-15 21:06:19 - [MESSAGE][INFO] - Starting 'Chrome' driver

2021-06-15 21:06:19 - [MESSAGE][INFO] - Action delay is set to 0 milliseconds

2021-06-15 21:06:23 - [MESSAGE][PASSED] - Browser is opened with url: 'https://katalon-demo-cura.herokuapp.com'

2021-06-15 21:06:23 - [TEST_STEP][PASSED] - click(findTestObject("Web Object Repository/CURA Healthcare Service/Home Page/Make Appointment")): Object: 'Object Repository/Web Object Repository/CURA Healthcare Service/Home Page/Make Appointment' is clicked on

2021-06-15 21:06:24 - [MESSAGE][PASSED] - Object: 'Object Repository/Web Object Repository/CURA Healthcare Service/Home Page/Make Appointment' is clicked on

2021-06-15 21:06:24 - [TEST_STEP][PASSED] - setText(findTestObject("Web Object Repository/CURA Healthcare Service/Login Page/input_Username"), username): Text 'John Doe' is set on object 'Object Repository/Web Object Repository/CURA Healthcare Service/Login Page/input_Username'

2021-06-15 21:06:25 - [MESSAGE][PASSED] - Text 'John Doe' is set on object 'Object Repository/Web Object Repository/CURA Healthcare Service/Login Page/input_Username'

2021-06-15 21:06:25 - [TEST_STEP][PASSED] - setText(findTestObject("Web Object Repository/CURA Healthcare Service/Login Page/input_Password"), password): Text 'ThisIsNotAPassword' is set on object 'Object Repository/Web Object Repository/CURA Healthcare Service/Login Page/input_Password'

2021-06-15 21:06:26 - [MESSAGE][PASSED] - Text 'ThisIsNotAPassword' is set on object 'Object Repository/Web Object Repository/CURA Healthcare Service/Login Page/input_Password'

2021-06-15 21:06:26 - [TEST_STEP][PASSED] - click(findTestObject("Web Object Repository/CURA Healthcare Service/Login Page/button_Login")): Object: 'Object Repository/Web Object Repository/CURA Healthcare Service/Login Page/button_Login' is clicked on

2021-06-15 21:06:27 - [MESSAGE][PASSED] - Object: 'Object Repository/Web Object Repository/CURA Healthcare Service/Login Page/button_Login' is clicked on

2021-06-15 21:06:27 - [TEST_STEP][PASSED] - verifyElementText(findTestObject("Web Object Repository/CURA Healthcare Service/Appointment Page/Make Appointment"), "Make Appointment"): Actual text and expected text of test object 'Object Repository/Web Object Repository/CURA Healthcare Service/Appointment Page/Make Appointment' are matched.

2021-06-15 21:06:28 - [MESSAGE][PASSED] - Actual text and expected text of test object 'Object Repository/Web Object Repository/CURA Healthcare Service/Appointment Page/Make Appointment' are matched.

2021-06-15 21:06:28 - [TEST_STEP][PASSED] - Start listener action : sampleAfterTestCase: null

2021-06-15 21:06:28 - [TEST_STEP][PASSED] - println(testCaseContext.getTestCaseId()): null

2021-06-15 21:06:28 - [TEST_STEP][PASSED] - println("Test Case Status After Run :" + testCaseContext.getTestCaseStatus()): null

2021-06-15 21:06:28 - [TEST_STEP][PASSED] - if (testCaseStatus == "FAILED"): null]]></system-out>
         <system-err><![CDATA[]]></system-err>
      </testcase>
      <system-out><![CDATA[2021-06-15 21:05:02 - [TEST_SUITE][FAILED] - Data Driven TestSuite: Test Cases/DataBase TestCases/Data Driven Test Case FAILED.
Reason:
com.kms.katalon.core.exception.StepFailedException: Verify element text of test object 'Object Repository/Web Object Repository/CURA Healthcare Service/Appointment Page/Make Appointment' FAILED.
	at com.kms.katalon.core.webui.keyword.internal.WebUIKeywordMain.stepFailed(WebUIKeywordMain.groovy:64)
	at com.kms.katalon.core.webui.keyword.internal.WebUIKeywordMain.runKeyword(WebUIKeywordMain.groovy:26)
	at com.kms.katalon.core.webui.keyword.builtin.VerifyElementTextKeyword.verifyElementText(VerifyElementTextKeyword.groovy:72)
	at com.kms.katalon.core.webui.keyword.builtin.VerifyElementTextKeyword.execute(VerifyElementTextKeyword.groovy:40)
	at com.kms.katalon.core.keyword.internal.KeywordExecutor.executeKeywordForPlatform(KeywordExecutor.groovy:73)
	at com.kms.katalon.core.webui.keyword.WebUiBuiltInKeywords.verifyElementText(WebUiBuiltInKeywords.groovy:4749)
	at com.kms.katalon.core.webui.keyword.WebUiBuiltInKeywords$verifyElementText$4.call(Unknown Source)
	at Data Driven Test Case.run(Data Driven Test Case:30)
	at com.kms.katalon.core.main.ScriptEngine.run(ScriptEngine.java:194)
	at com.kms.katalon.core.main.ScriptEngine.runScriptAsRawText(ScriptEngine.java:119)
	at com.kms.katalon.core.main.TestCaseExecutor.runScript(TestCaseExecutor.java:369)
	at com.kms.katalon.core.main.TestCaseExecutor.doExecute(TestCaseExecutor.java:360)
	at com.kms.katalon.core.main.TestCaseExecutor.processExecutionPhase(TestCaseExecutor.java:339)
	at com.kms.katalon.core.main.TestCaseExecutor.accessMainPhase(TestCaseExecutor.java:331)
	at com.kms.katalon.core.main.TestCaseExecutor.execute(TestCaseExecutor.java:248)
	at com.kms.katalon.core.main.TestSuiteExecutor.accessTestCaseMainPhase(TestSuiteExecutor.java:191)
	at com.kms.katalon.core.main.TestSuiteExecutor.accessTestSuiteMainPhase(TestSuiteExecutor.java:140)
	at com.kms.katalon.core.main.TestSuiteExecutor.execute(TestSuiteExecutor.java:89)
	at com.kms.katalon.core.main.TestCaseMain.startTestSuite(TestCaseMain.java:181)
	at com.kms.katalon.core.main.TestCaseMain$startTestSuite$0.call(Unknown Source)
	at TempTestSuite1623812697987.run(TempTestSuite1623812697987.groovy:39)
Caused by: com.kms.katalon.core.exception.StepFailedException: Actual text 'Login' and expected text 'Make Appointment' of test object 'Object Repository/Web Object Repository/CURA Healthcare Service/Appointment Page/Make Appointment' are NOT matched.
	at com.kms.katalon.core.webui.keyword.internal.WebUIKeywordMain.stepFailed(WebUIKeywordMain.groovy:64)
	at com.kms.katalon.core.webui.keyword.builtin.VerifyElementTextKeyword$_verifyElementText_closure1.doCall(VerifyElementTextKeyword.groovy:57)
	at com.kms.katalon.core.webui.keyword.builtin.VerifyElementTextKeyword$_verifyElementText_closure1.call(VerifyElementTextKeyword.groovy)
	at com.kms.katalon.core.webui.keyword.internal.WebUIKeywordMain.runKeyword(WebUIKeywordMain.groovy:20)
	... 19 more]]></system-out>
      <system-err><![CDATA[2021-06-15 21:05:02 - [TEST_SUITE][FAILED] - Data Driven TestSuite: Test Cases/DataBase TestCases/Data Driven Test Case FAILED.
Reason:
com.kms.katalon.core.exception.StepFailedException: Verify element text of test object 'Object Repository/Web Object Repository/CURA Healthcare Service/Appointment Page/Make Appointment' FAILED.
	at com.kms.katalon.core.webui.keyword.internal.WebUIKeywordMain.stepFailed(WebUIKeywordMain.groovy:64)
	at com.kms.katalon.core.webui.keyword.internal.WebUIKeywordMain.runKeyword(WebUIKeywordMain.groovy:26)
	at com.kms.katalon.core.webui.keyword.builtin.VerifyElementTextKeyword.verifyElementText(VerifyElementTextKeyword.groovy:72)
	at com.kms.katalon.core.webui.keyword.builtin.VerifyElementTextKeyword.execute(VerifyElementTextKeyword.groovy:40)
	at com.kms.katalon.core.keyword.internal.KeywordExecutor.executeKeywordForPlatform(KeywordExecutor.groovy:73)
	at com.kms.katalon.core.webui.keyword.WebUiBuiltInKeywords.verifyElementText(WebUiBuiltInKeywords.groovy:4749)
	at com.kms.katalon.core.webui.keyword.WebUiBuiltInKeywords$verifyElementText$4.call(Unknown Source)
	at Data Driven Test Case.run(Data Driven Test Case:30)
	at com.kms.katalon.core.main.ScriptEngine.run(ScriptEngine.java:194)
	at com.kms.katalon.core.main.ScriptEngine.runScriptAsRawText(ScriptEngine.java:119)
	at com.kms.katalon.core.main.TestCaseExecutor.runScript(TestCaseExecutor.java:369)
	at com.kms.katalon.core.main.TestCaseExecutor.doExecute(TestCaseExecutor.java:360)
	at com.kms.katalon.core.main.TestCaseExecutor.processExecutionPhase(TestCaseExecutor.java:339)
	at com.kms.katalon.core.main.TestCaseExecutor.accessMainPhase(TestCaseExecutor.java:331)
	at com.kms.katalon.core.main.TestCaseExecutor.execute(TestCaseExecutor.java:248)
	at com.kms.katalon.core.main.TestSuiteExecutor.accessTestCaseMainPhase(TestSuiteExecutor.java:191)
	at com.kms.katalon.core.main.TestSuiteExecutor.accessTestSuiteMainPhase(TestSuiteExecutor.java:140)
	at com.kms.katalon.core.main.TestSuiteExecutor.execute(TestSuiteExecutor.java:89)
	at com.kms.katalon.core.main.TestCaseMain.startTestSuite(TestCaseMain.java:181)
	at com.kms.katalon.core.main.TestCaseMain$startTestSuite$0.call(Unknown Source)
	at TempTestSuite1623812697987.run(TempTestSuite1623812697987.groovy:39)
Caused by: com.kms.katalon.core.exception.StepFailedException: Actual text 'Login' and expected text 'Make Appointment' of test object 'Object Repository/Web Object Repository/CURA Healthcare Service/Appointment Page/Make Appointment' are NOT matched.
	at com.kms.katalon.core.webui.keyword.internal.WebUIKeywordMain.stepFailed(WebUIKeywordMain.groovy:64)
	at com.kms.katalon.core.webui.keyword.builtin.VerifyElementTextKeyword$_verifyElementText_closure1.doCall(VerifyElementTextKeyword.groovy:57)
	at com.kms.katalon.core.webui.keyword.builtin.VerifyElementTextKeyword$_verifyElementText_closure1.call(VerifyElementTextKeyword.groovy)
	at com.kms.katalon.core.webui.keyword.internal.WebUIKeywordMain.runKeyword(WebUIKeywordMain.groovy:20)
	... 19 more]]></system-err>
   </testsuite>
</testsuites>
